<?xml version="1.0" encoding="UTF-8"?>
<coverage generated="1541455153224" clover="3.2.0">
  <project timestamp="1541455153225" name="All files">
    <metrics statements="378" coveredstatements="361" conditionals="241" coveredconditionals="171" methods="79" coveredmethods="76" elements="698" coveredelements="608" complexity="0" loc="378" ncloc="378" packages="14" files="23" classes="23">
      <package name="dist">
        <metrics statements="17" coveredstatements="17" conditionals="2" coveredconditionals="1" methods="1" coveredmethods="1"/>
        <file name="index.js" path="C:\Users\Orel Balilti\Documents\Projects\Sugoi\core\dist\index.js">
          <metrics statements="17" coveredstatements="17" conditionals="2" coveredconditionals="1" methods="1" coveredmethods="1"/>
          <line num="3" count="104" type="cond" truecount="1" falsecount="1"/>
          <line num="5" count="4" type="stmt"/>
          <line num="6" count="4" type="stmt"/>
          <line num="7" count="4" type="stmt"/>
          <line num="8" count="4" type="stmt"/>
          <line num="9" count="4" type="stmt"/>
          <line num="10" count="4" type="stmt"/>
          <line num="11" count="4" type="stmt"/>
          <line num="12" count="4" type="stmt"/>
          <line num="13" count="4" type="stmt"/>
          <line num="14" count="4" type="stmt"/>
          <line num="15" count="4" type="stmt"/>
          <line num="16" count="4" type="stmt"/>
          <line num="17" count="4" type="stmt"/>
          <line num="18" count="4" type="stmt"/>
          <line num="19" count="4" type="stmt"/>
          <line num="20" count="4" type="stmt"/>
        </file>
      </package>
      <package name="dist.__tests__.classes">
        <metrics statements="53" coveredstatements="50" conditionals="87" coveredconditionals="54" methods="13" coveredmethods="13"/>
        <file name="dummy.class.js" path="C:\Users\Orel Balilti\Documents\Projects\Sugoi\core\dist\__tests__\classes\dummy.class.js">
          <metrics statements="19" coveredstatements="18" conditionals="29" coveredconditionals="18" methods="5" coveredmethods="5"/>
          <line num="2" count="2" type="cond" truecount="3" falsecount="0"/>
          <line num="3" count="4" type="cond" truecount="3" falsecount="1"/>
          <line num="4" count="4" type="cond" truecount="3" falsecount="1"/>
          <line num="5" count="0" type="cond" truecount="0" falsecount="8"/>
          <line num="6" count="4" type="cond" truecount="3" falsecount="0"/>
          <line num="8" count="2" type="cond" truecount="3" falsecount="0"/>
          <line num="9" count="6" type="cond" truecount="3" falsecount="1"/>
          <line num="11" count="2" type="stmt"/>
          <line num="12" count="2" type="stmt"/>
          <line num="13" count="2" type="stmt"/>
          <line num="14" count="2" type="stmt"/>
          <line num="16" count="3" type="stmt"/>
          <line num="19" count="1" type="stmt"/>
          <line num="20" count="1" type="stmt"/>
          <line num="23" count="2" type="stmt"/>
          <line num="24" count="2" type="stmt"/>
          <line num="27" count="2" type="stmt"/>
          <line num="36" count="2" type="stmt"/>
          <line num="43" count="2" type="stmt"/>
        </file>
        <file name="nested-policy-check.class.js" path="C:\Users\Orel Balilti\Documents\Projects\Sugoi\core\dist\__tests__\classes\nested-policy-check.class.js">
          <metrics statements="15" coveredstatements="14" conditionals="29" coveredconditionals="18" methods="3" coveredmethods="3"/>
          <line num="2" count="1" type="cond" truecount="3" falsecount="0"/>
          <line num="3" count="2" type="cond" truecount="3" falsecount="1"/>
          <line num="4" count="2" type="cond" truecount="3" falsecount="1"/>
          <line num="5" count="0" type="cond" truecount="0" falsecount="8"/>
          <line num="6" count="2" type="cond" truecount="3" falsecount="0"/>
          <line num="8" count="1" type="cond" truecount="3" falsecount="0"/>
          <line num="9" count="3" type="cond" truecount="3" falsecount="1"/>
          <line num="11" count="1" type="stmt"/>
          <line num="12" count="1" type="stmt"/>
          <line num="14" count="1" type="stmt"/>
          <line num="17" count="1" type="stmt"/>
          <line num="19" count="2" type="stmt"/>
          <line num="22" count="1" type="stmt"/>
          <line num="28" count="1" type="stmt"/>
          <line num="31" count="1" type="stmt"/>
        </file>
        <file name="policy-check.class.js" path="C:\Users\Orel Balilti\Documents\Projects\Sugoi\core\dist\__tests__\classes\policy-check.class.js">
          <metrics statements="19" coveredstatements="18" conditionals="29" coveredconditionals="18" methods="5" coveredmethods="5"/>
          <line num="2" count="3" type="cond" truecount="3" falsecount="0"/>
          <line num="3" count="9" type="cond" truecount="3" falsecount="1"/>
          <line num="4" count="9" type="cond" truecount="3" falsecount="1"/>
          <line num="5" count="0" type="cond" truecount="0" falsecount="8"/>
          <line num="6" count="9" type="cond" truecount="3" falsecount="0"/>
          <line num="8" count="3" type="cond" truecount="3" falsecount="0"/>
          <line num="9" count="18" type="cond" truecount="3" falsecount="1"/>
          <line num="11" count="3" type="stmt"/>
          <line num="12" count="3" type="stmt"/>
          <line num="13" count="3" type="stmt"/>
          <line num="15" count="3" type="stmt"/>
          <line num="23" count="3" type="stmt"/>
          <line num="25" count="4" type="stmt"/>
          <line num="28" count="2" type="stmt"/>
          <line num="31" count="3" type="stmt"/>
          <line num="34" count="3" type="stmt"/>
          <line num="40" count="3" type="stmt"/>
          <line num="46" count="3" type="stmt"/>
          <line num="49" count="3" type="stmt"/>
        </file>
      </package>
      <package name="dist.constants">
        <metrics statements="2" coveredstatements="2" conditionals="0" coveredconditionals="0" methods="0" coveredmethods="0"/>
        <file name="exceptions.constant.js" path="C:\Users\Orel Balilti\Documents\Projects\Sugoi\core\dist\constants\exceptions.constant.js">
          <metrics statements="2" coveredstatements="2" conditionals="0" coveredconditionals="0" methods="0" coveredmethods="0"/>
          <line num="2" count="4" type="stmt"/>
          <line num="3" count="4" type="stmt"/>
        </file>
      </package>
      <package name="dist.decorators">
        <metrics statements="15" coveredstatements="15" conditionals="1" coveredconditionals="1" methods="5" coveredmethods="5"/>
        <file name="deprecated.decorator.js" path="C:\Users\Orel Balilti\Documents\Projects\Sugoi\core\dist\decorators\deprecated.decorator.js">
          <metrics statements="4" coveredstatements="4" conditionals="1" coveredconditionals="1" methods="2" coveredmethods="2"/>
          <line num="2" count="4" type="stmt"/>
          <line num="4" count="3" type="stmt"/>
          <line num="5" count="3" type="stmt"/>
          <line num="8" count="4" type="stmt"/>
        </file>
        <file name="index.js" path="C:\Users\Orel Balilti\Documents\Projects\Sugoi\core\dist\decorators\index.js">
          <metrics statements="5" coveredstatements="5" conditionals="0" coveredconditionals="0" methods="0" coveredmethods="0"/>
          <line num="2" count="4" type="stmt"/>
          <line num="3" count="4" type="stmt"/>
          <line num="4" count="4" type="stmt"/>
          <line num="5" count="4" type="stmt"/>
          <line num="6" count="4" type="stmt"/>
        </file>
        <file name="iterable.decorator.js" path="C:\Users\Orel Balilti\Documents\Projects\Sugoi\core\dist\decorators\iterable.decorator.js">
          <metrics statements="6" coveredstatements="6" conditionals="0" coveredconditionals="0" methods="3" coveredmethods="3"/>
          <line num="2" count="4" type="stmt"/>
          <line num="4" count="2" type="stmt"/>
          <line num="5" count="2" type="stmt"/>
          <line num="7" count="1" type="stmt"/>
          <line num="8" count="3" type="stmt"/>
          <line num="14" count="4" type="stmt"/>
        </file>
      </package>
      <package name="dist.exceptions">
        <metrics statements="21" coveredstatements="20" conditionals="6" coveredconditionals="2" methods="8" coveredmethods="7"/>
        <file name="generic.exception.js" path="C:\Users\Orel Balilti\Documents\Projects\Sugoi\core\dist\exceptions\generic.exception.js">
          <metrics statements="4" coveredstatements="4" conditionals="1" coveredconditionals="0" methods="1" coveredmethods="1"/>
          <line num="2" count="5" type="stmt"/>
          <line num="3" count="5" type="stmt"/>
          <line num="6" count="1" type="stmt"/>
          <line num="9" count="5" type="stmt"/>
        </file>
        <file name="sugoi-abstract.exception.js" path="C:\Users\Orel Balilti\Documents\Projects\Sugoi\core\dist\exceptions\sugoi-abstract.exception.js">
          <metrics statements="17" coveredstatements="16" conditionals="5" coveredconditionals="2" methods="7" coveredmethods="6"/>
          <line num="2" count="5" type="stmt"/>
          <line num="5" count="11" type="stmt"/>
          <line num="6" count="11" type="stmt"/>
          <line num="7" count="11" type="stmt"/>
          <line num="8" count="11" type="cond" truecount="1" falsecount="1"/>
          <line num="9" count="11" type="stmt"/>
          <line num="11" count="11" type="stmt"/>
          <line num="12" count="11" type="stmt"/>
          <line num="13" count="11" type="stmt"/>
          <line num="16" count="1" type="stmt"/>
          <line num="19" count="1" type="stmt"/>
          <line num="22" count="1" type="stmt"/>
          <line num="25" count="1" type="stmt"/>
          <line num="28" count="0" type="stmt"/>
          <line num="31" count="11" type="cond" truecount="1" falsecount="1"/>
          <line num="32" count="11" type="stmt"/>
          <line num="35" count="5" type="stmt"/>
        </file>
      </package>
      <package name="dist.inversify">
        <metrics statements="21" coveredstatements="21" conditionals="0" coveredconditionals="0" methods="0" coveredmethods="0"/>
        <file name="index.js" path="C:\Users\Orel Balilti\Documents\Projects\Sugoi\core\dist\inversify\index.js">
          <metrics statements="21" coveredstatements="21" conditionals="0" coveredconditionals="0" methods="0" coveredmethods="0"/>
          <line num="2" count="4" type="stmt"/>
          <line num="3" count="4" type="stmt"/>
          <line num="4" count="4" type="stmt"/>
          <line num="5" count="4" type="stmt"/>
          <line num="6" count="4" type="stmt"/>
          <line num="7" count="4" type="stmt"/>
          <line num="8" count="4" type="stmt"/>
          <line num="9" count="4" type="stmt"/>
          <line num="10" count="4" type="stmt"/>
          <line num="11" count="4" type="stmt"/>
          <line num="12" count="4" type="stmt"/>
          <line num="13" count="4" type="stmt"/>
          <line num="14" count="4" type="stmt"/>
          <line num="15" count="4" type="stmt"/>
          <line num="16" count="4" type="stmt"/>
          <line num="17" count="4" type="stmt"/>
          <line num="18" count="4" type="stmt"/>
          <line num="19" count="4" type="stmt"/>
          <line num="20" count="4" type="stmt"/>
          <line num="21" count="4" type="stmt"/>
          <line num="22" count="4" type="stmt"/>
        </file>
      </package>
      <package name="dist.policies">
        <metrics statements="14" coveredstatements="14" conditionals="0" coveredconditionals="0" methods="0" coveredmethods="0"/>
        <file name="index.js" path="C:\Users\Orel Balilti\Documents\Projects\Sugoi\core\dist\policies\index.js">
          <metrics statements="14" coveredstatements="14" conditionals="0" coveredconditionals="0" methods="0" coveredmethods="0"/>
          <line num="2" count="4" type="stmt"/>
          <line num="3" count="4" type="stmt"/>
          <line num="4" count="4" type="stmt"/>
          <line num="5" count="4" type="stmt"/>
          <line num="6" count="4" type="stmt"/>
          <line num="7" count="4" type="stmt"/>
          <line num="8" count="4" type="stmt"/>
          <line num="9" count="4" type="stmt"/>
          <line num="10" count="4" type="stmt"/>
          <line num="11" count="4" type="stmt"/>
          <line num="12" count="4" type="stmt"/>
          <line num="13" count="4" type="stmt"/>
          <line num="14" count="4" type="stmt"/>
          <line num="15" count="4" type="stmt"/>
        </file>
      </package>
      <package name="dist.policies.classes">
        <metrics statements="116" coveredstatements="109" conditionals="63" coveredconditionals="57" methods="30" coveredmethods="28"/>
        <file name="comparable-schema.class.js" path="C:\Users\Orel Balilti\Documents\Projects\Sugoi\core\dist\policies\classes\comparable-schema.class.js">
          <metrics statements="21" coveredstatements="21" conditionals="2" coveredconditionals="2" methods="9" coveredmethods="9"/>
          <line num="2" count="4" type="stmt"/>
          <line num="5" count="15" type="stmt"/>
          <line num="6" count="15" type="stmt"/>
          <line num="7" count="15" type="stmt"/>
          <line num="10" count="15" type="stmt"/>
          <line num="13" count="6" type="stmt"/>
          <line num="14" count="6" type="stmt"/>
          <line num="17" count="2" type="stmt"/>
          <line num="18" count="2" type="cond" truecount="2" falsecount="0"/>
          <line num="19" count="2" type="stmt"/>
          <line num="22" count="2" type="stmt"/>
          <line num="23" count="2" type="stmt"/>
          <line num="26" count="3" type="stmt"/>
          <line num="27" count="3" type="stmt"/>
          <line num="30" count="2" type="stmt"/>
          <line num="31" count="2" type="stmt"/>
          <line num="34" count="3" type="stmt"/>
          <line num="35" count="3" type="stmt"/>
          <line num="38" count="3" type="stmt"/>
          <line num="39" count="3" type="stmt"/>
          <line num="42" count="4" type="stmt"/>
        </file>
        <file name="policy-item.class.js" path="C:\Users\Orel Balilti\Documents\Projects\Sugoi\core\dist\policies\classes\policy-item.class.js">
          <metrics statements="35" coveredstatements="30" conditionals="11" coveredconditionals="7" methods="12" coveredmethods="10"/>
          <line num="2" count="4" type="stmt"/>
          <line num="3" count="4" type="stmt"/>
          <line num="4" count="4" type="stmt"/>
          <line num="5" count="4" type="stmt"/>
          <line num="8" count="4" type="stmt"/>
          <line num="9" count="4" type="stmt"/>
          <line num="12" count="4" type="stmt"/>
          <line num="15" count="19" type="stmt"/>
          <line num="18" count="0" type="stmt"/>
          <line num="21" count="0" type="stmt"/>
          <line num="24" count="8" type="stmt"/>
          <line num="25" count="17" type="stmt"/>
          <line num="26" count="17" type="cond" truecount="1" falsecount="1"/>
          <line num="27" count="17" type="stmt"/>
          <line num="28" count="17" type="stmt"/>
          <line num="29" count="19" type="stmt"/>
          <line num="30" count="19" type="stmt"/>
          <line num="31" count="19" type="cond" truecount="1" falsecount="1"/>
          <line num="32" count="0" type="stmt"/>
          <line num="33" count="0" type="stmt"/>
          <line num="35" count="19" type="stmt"/>
          <line num="36" count="19" type="stmt"/>
          <line num="38" count="19" type="cond" truecount="2" falsecount="0"/>
          <line num="39" count="10" type="cond" truecount="2" falsecount="0"/>
          <line num="42" count="19" type="stmt"/>
          <line num="44" count="17" type="stmt"/>
          <line num="46" count="7" type="stmt"/>
          <line num="49" count="10" type="stmt"/>
          <line num="54" count="4" type="stmt"/>
          <line num="55" count="19" type="stmt"/>
          <line num="56" count="19" type="cond" truecount="1" falsecount="1"/>
          <line num="57" count="0" type="stmt"/>
          <line num="59" count="19" type="stmt"/>
          <line num="63" count="4" type="stmt"/>
          <line num="64" count="4" type="stmt"/>
        </file>
        <file name="policy-schema-validator.class.js" path="C:\Users\Orel Balilti\Documents\Projects\Sugoi\core\dist\policies\classes\policy-schema-validator.class.js">
          <metrics statements="60" coveredstatements="58" conditionals="50" coveredconditionals="48" methods="9" coveredmethods="9"/>
          <line num="2" count="4" type="stmt"/>
          <line num="3" count="4" type="stmt"/>
          <line num="4" count="4" type="stmt"/>
          <line num="7" count="19" type="stmt"/>
          <line num="8" count="19" type="stmt"/>
          <line num="11" count="19" type="stmt"/>
          <line num="16" count="19" type="stmt"/>
          <line num="17" count="19" type="stmt"/>
          <line num="24" count="46" type="stmt"/>
          <line num="25" count="46" type="stmt"/>
          <line num="26" count="46" type="cond" truecount="2" falsecount="0"/>
          <line num="27" count="7" type="cond" truecount="2" falsecount="0"/>
          <line num="29" count="39" type="cond" truecount="2" falsecount="0"/>
          <line num="30" count="25" type="cond" truecount="2" falsecount="0"/>
          <line num="31" count="23" type="stmt"/>
          <line num="33" count="2" type="stmt"/>
          <line num="34" count="25" type="stmt"/>
          <line num="37" count="14" type="stmt"/>
          <line num="38" count="25" type="stmt"/>
          <line num="39" count="25" type="stmt"/>
          <line num="40" count="25" type="cond" truecount="2" falsecount="0"/>
          <line num="41" count="2" type="cond" truecount="2" falsecount="0"/>
          <line num="42" count="1" type="stmt"/>
          <line num="45" count="2" type="stmt"/>
          <line num="49" count="23" type="stmt"/>
          <line num="51" count="25" type="stmt"/>
          <line num="54" count="21" type="stmt"/>
          <line num="57" count="23" type="cond" truecount="1" falsecount="1"/>
          <line num="58" count="0" type="stmt"/>
          <line num="59" count="23" type="stmt"/>
          <line num="60" count="23" type="cond" truecount="3" falsecount="0"/>
          <line num="62" count="13" type="stmt"/>
          <line num="63" count="13" type="stmt"/>
          <line num="65" count="7" type="stmt"/>
          <line num="66" count="7" type="stmt"/>
          <line num="68" count="3" type="stmt"/>
          <line num="69" count="3" type="stmt"/>
          <line num="71" count="23" type="stmt"/>
          <line num="74" count="13" type="cond" truecount="2" falsecount="0"/>
          <line num="75" count="13" type="stmt"/>
          <line num="76" count="13" type="cond" truecount="4" falsecount="0"/>
          <line num="77" count="8" type="cond" truecount="2" falsecount="0"/>
          <line num="79" count="13" type="cond" truecount="4" falsecount="0"/>
          <line num="80" count="2" type="cond" truecount="2" falsecount="0"/>
          <line num="82" count="13" type="cond" truecount="4" falsecount="0"/>
          <line num="83" count="7" type="cond" truecount="2" falsecount="0"/>
          <line num="85" count="13" type="cond" truecount="4" falsecount="0"/>
          <line num="86" count="2" type="cond" truecount="2" falsecount="0"/>
          <line num="88" count="13" type="stmt"/>
          <line num="91" count="7" type="stmt"/>
          <line num="92" count="7" type="cond" truecount="2" falsecount="0"/>
          <line num="93" count="1" type="stmt"/>
          <line num="94" count="6" type="cond" truecount="2" falsecount="0"/>
          <line num="95" count="6" type="cond" truecount="2" falsecount="0"/>
          <line num="96" count="6" type="stmt"/>
          <line num="100" count="3" type="stmt"/>
          <line num="101" count="3" type="stmt"/>
          <line num="104" count="0" type="stmt"/>
          <line num="106" count="3" type="stmt"/>
          <line num="109" count="4" type="stmt"/>
        </file>
      </package>
      <package name="dist.policies.constants">
        <metrics statements="5" coveredstatements="5" conditionals="2" coveredconditionals="2" methods="1" coveredmethods="1"/>
        <file name="schema-types.enum.js" path="C:\Users\Orel Balilti\Documents\Projects\Sugoi\core\dist\policies\constants\schema-types.enum.js">
          <metrics statements="5" coveredstatements="5" conditionals="2" coveredconditionals="2" methods="1" coveredmethods="1"/>
          <line num="2" count="4" type="stmt"/>
          <line num="4" count="4" type="stmt"/>
          <line num="5" count="4" type="stmt"/>
          <line num="6" count="4" type="stmt"/>
          <line num="7" count="4" type="stmt"/>
        </file>
      </package>
      <package name="dist.policies.decorators">
        <metrics statements="52" coveredstatements="48" conditionals="32" coveredconditionals="23" methods="8" coveredmethods="8"/>
        <file name="policy.decorator.js" path="C:\Users\Orel Balilti\Documents\Projects\Sugoi\core\dist\policies\decorators\policy.decorator.js">
          <metrics statements="52" coveredstatements="48" conditionals="32" coveredconditionals="23" methods="8" coveredmethods="8"/>
          <line num="2" count="4" type="stmt"/>
          <line num="3" count="4" type="stmt"/>
          <line num="4" count="4" type="stmt"/>
          <line num="5" count="4" type="stmt"/>
          <line num="6" count="4" type="stmt"/>
          <line num="7" count="4" type="stmt"/>
          <line num="8" count="4" type="stmt"/>
          <line num="9" count="4" type="stmt"/>
          <line num="16" count="4" type="stmt"/>
          <line num="17" count="4" type="stmt"/>
          <line num="18" count="4" type="cond" truecount="1" falsecount="1"/>
          <line num="19" count="0" type="stmt"/>
          <line num="21" count="4" type="cond" truecount="2" falsecount="0"/>
          <line num="22" count="4" type="stmt"/>
          <line num="25" count="4" type="stmt"/>
          <line num="36" count="4" type="cond" truecount="0" falsecount="1"/>
          <line num="38" count="8" type="stmt"/>
          <line num="39" count="8" type="cond" truecount="1" falsecount="1"/>
          <line num="40" count="0" type="cond" truecount="0" falsecount="2"/>
          <line num="41" count="0" type="cond" truecount="0" falsecount="2"/>
          <line num="42" count="0" type="stmt"/>
          <line num="45" count="8" type="stmt"/>
          <line num="47" count="8" type="stmt"/>
          <line num="48" count="8" type="cond" truecount="4" falsecount="0"/>
          <line num="49" count="6" type="stmt"/>
          <line num="52" count="2" type="stmt"/>
          <line num="56" count="4" type="stmt"/>
          <line num="58" count="4" type="stmt"/>
          <line num="59" count="4" type="stmt"/>
          <line num="60" count="4" type="stmt"/>
          <line num="61" count="12" type="cond" truecount="4" falsecount="0"/>
          <line num="62" count="4" type="stmt"/>
          <line num="63" count="8" type="stmt"/>
          <line num="64" count="8" type="cond" truecount="4" falsecount="0"/>
          <line num="65" count="4" type="stmt"/>
          <line num="66" count="4" type="stmt"/>
          <line num="69" count="4" type="cond" truecount="2" falsecount="0"/>
          <line num="70" count="2" type="stmt"/>
          <line num="74" count="10" type="cond" truecount="1" falsecount="1"/>
          <line num="75" count="10" type="stmt"/>
          <line num="76" count="10" type="cond" truecount="2" falsecount="0"/>
          <line num="77" count="10" type="stmt"/>
          <line num="78" count="10" type="stmt"/>
          <line num="79" count="10" type="stmt"/>
          <line num="80" count="10" type="stmt"/>
          <line num="81" count="10" type="stmt"/>
          <line num="82" count="10" type="cond" truecount="2" falsecount="0"/>
          <line num="83" count="8" type="stmt"/>
          <line num="84" count="8" type="stmt"/>
          <line num="95" count="4" type="cond" truecount="0" falsecount="1"/>
          <line num="96" count="8" type="stmt"/>
          <line num="98" count="4" type="stmt"/>
        </file>
      </package>
      <package name="dist.policies.exceptions">
        <metrics statements="3" coveredstatements="3" conditionals="0" coveredconditionals="0" methods="0" coveredmethods="0"/>
        <file name="policy-error.exception.js" path="C:\Users\Orel Balilti\Documents\Projects\Sugoi\core\dist\policies\exceptions\policy-error.exception.js">
          <metrics statements="3" coveredstatements="3" conditionals="0" coveredconditionals="0" methods="0" coveredmethods="0"/>
          <line num="2" count="4" type="stmt"/>
          <line num="3" count="4" type="stmt"/>
          <line num="6" count="4" type="stmt"/>
        </file>
      </package>
      <package name="dist.policies.utils">
        <metrics statements="29" coveredstatements="27" conditionals="45" coveredconditionals="28" methods="6" coveredmethods="6"/>
        <file name="string.util.js" path="C:\Users\Orel Balilti\Documents\Projects\Sugoi\core\dist\policies\utils\string.util.js">
          <metrics statements="4" coveredstatements="4" conditionals="0" coveredconditionals="0" methods="2" coveredmethods="2"/>
          <line num="2" count="4" type="stmt"/>
          <line num="6" count="8064" type="stmt"/>
          <line num="10" count="1008" type="stmt"/>
          <line num="14" count="4" type="stmt"/>
        </file>
        <file name="validate-schema.util.js" path="C:\Users\Orel Balilti\Documents\Projects\Sugoi\core\dist\policies\utils\validate-schema.util.js">
          <metrics statements="25" coveredstatements="23" conditionals="45" coveredconditionals="28" methods="4" coveredmethods="4"/>
          <line num="2" count="4" type="cond" truecount="3" falsecount="0"/>
          <line num="3" count="4" type="cond" truecount="2" falsecount="2"/>
          <line num="4" count="4" type="cond" truecount="3" falsecount="1"/>
          <line num="5" count="0" type="cond" truecount="0" falsecount="8"/>
          <line num="6" count="4" type="cond" truecount="3" falsecount="0"/>
          <line num="8" count="4" type="cond" truecount="3" falsecount="0"/>
          <line num="9" count="12" type="cond" truecount="3" falsecount="1"/>
          <line num="11" count="4" type="stmt"/>
          <line num="12" count="4" type="stmt"/>
          <line num="13" count="4" type="stmt"/>
          <line num="17" count="19" type="stmt"/>
          <line num="18" count="19" type="cond" truecount="2" falsecount="0"/>
          <line num="19" count="19" type="cond" truecount="4" falsecount="0"/>
          <line num="22" count="19" type="cond" truecount="1" falsecount="1"/>
          <line num="23" count="0" type="cond" truecount="0" falsecount="4"/>
          <line num="25" count="19" type="stmt"/>
          <line num="26" count="19" type="cond" truecount="2" falsecount="0"/>
          <line num="27" count="10" type="stmt"/>
          <line num="30" count="19" type="cond" truecount="2" falsecount="0"/>
          <line num="33" count="19" type="stmt"/>
          <line num="34" count="19" type="stmt"/>
          <line num="37" count="4" type="stmt"/>
          <line num="43" count="4" type="stmt"/>
          <line num="44" count="4" type="stmt"/>
          <line num="45" count="4" type="stmt"/>
        </file>
      </package>
      <package name="dist.services">
        <metrics statements="12" coveredstatements="12" conditionals="0" coveredconditionals="0" methods="6" coveredmethods="6"/>
        <file name="container.service.js" path="C:\Users\Orel Balilti\Documents\Projects\Sugoi\core\dist\services\container.service.js">
          <metrics statements="12" coveredstatements="12" conditionals="0" coveredconditionals="0" methods="6" coveredmethods="6"/>
          <line num="2" count="4" type="stmt"/>
          <line num="3" count="4" type="stmt"/>
          <line num="6" count="7" type="stmt"/>
          <line num="9" count="1" type="stmt"/>
          <line num="10" count="1" type="stmt"/>
          <line num="13" count="1" type="stmt"/>
          <line num="14" count="1" type="stmt"/>
          <line num="16" count="1" type="stmt"/>
          <line num="19" count="3" type="stmt"/>
          <line num="22" count="1" type="stmt"/>
          <line num="25" count="4" type="stmt"/>
          <line num="26" count="4" type="stmt"/>
        </file>
      </package>
      <package name="dist.utils">
        <metrics statements="18" coveredstatements="18" conditionals="3" coveredconditionals="3" methods="1" coveredmethods="1"/>
        <file name="index.js" path="C:\Users\Orel Balilti\Documents\Projects\Sugoi\core\dist\utils\index.js">
          <metrics statements="5" coveredstatements="5" conditionals="0" coveredconditionals="0" methods="0" coveredmethods="0"/>
          <line num="2" count="4" type="stmt"/>
          <line num="3" count="4" type="stmt"/>
          <line num="4" count="4" type="stmt"/>
          <line num="5" count="4" type="stmt"/>
          <line num="6" count="4" type="stmt"/>
        </file>
        <file name="object.utils.js" path="C:\Users\Orel Balilti\Documents\Projects\Sugoi\core\dist\utils\object.utils.js">
          <metrics statements="13" coveredstatements="13" conditionals="3" coveredconditionals="3" methods="1" coveredmethods="1"/>
          <line num="2" count="4" type="stmt"/>
          <line num="5" count="2" type="cond" truecount="2" falsecount="0"/>
          <line num="6" count="1" type="stmt"/>
          <line num="9" count="1" type="stmt"/>
          <line num="10" count="1" type="stmt"/>
          <line num="11" count="1" type="stmt"/>
          <line num="12" count="1" type="stmt"/>
          <line num="13" count="1" type="stmt"/>
          <line num="14" count="1" type="stmt"/>
          <line num="15" count="1" type="stmt"/>
          <line num="17" count="2" type="stmt"/>
          <line num="18" count="2" type="stmt"/>
          <line num="20" count="4" type="stmt"/>
        </file>
      </package>
    </metrics>
  </project>
</coverage>
