{"C:\\Users\\Orel Balilti\\Documents\\Projects\\Sugoi\\core\\dist\\index.js": {"path":"C:\\Users\\Orel Balilti\\Documents\\Projects\\Sugoi\\core\\dist\\index.js","statementMap":{"0":{"start":{"line":3,"column":4},"end":{"line":3,"column":71}},"1":{"start":{"line":3,"column":21},"end":{"line":3,"column":71}},"2":{"start":{"line":3,"column":53},"end":{"line":3,"column":71}},"3":{"start":{"line":5,"column":0},"end":{"line":5,"column":62}},"4":{"start":{"line":6,"column":0},"end":{"line":6,"column":28}},"5":{"start":{"line":7,"column":20},"end":{"line":7,"column":59}},"6":{"start":{"line":8,"column":0},"end":{"line":8,"column":48}},"7":{"start":{"line":9,"column":28},"end":{"line":9,"column":70}},"8":{"start":{"line":10,"column":0},"end":{"line":10,"column":54}},"9":{"start":{"line":11,"column":33},"end":{"line":11,"column":81}},"10":{"start":{"line":12,"column":0},"end":{"line":12,"column":59}},"11":{"start":{"line":13,"column":26},"end":{"line":13,"column":67}},"12":{"start":{"line":14,"column":0},"end":{"line":14,"column":64}},"13":{"start":{"line":15,"column":26},"end":{"line":15,"column":65}},"14":{"start":{"line":16,"column":0},"end":{"line":16,"column":64}},"15":{"start":{"line":17,"column":0},"end":{"line":17,"column":32}},"16":{"start":{"line":18,"column":0},"end":{"line":18,"column":29}},"17":{"start":{"line":19,"column":0},"end":{"line":19,"column":34}},"18":{"start":{"line":20,"column":0},"end":{"line":20,"column":39}}},"fnMap":{"0":{"name":"__export","decl":{"start":{"line":2,"column":9},"end":{"line":2,"column":17}},"loc":{"start":{"line":2,"column":21},"end":{"line":4,"column":1}},"line":2}},"branchMap":{"0":{"loc":{"start":{"line":3,"column":21},"end":{"line":3,"column":71}},"type":"if","locations":[{"start":{"line":3,"column":21},"end":{"line":3,"column":71}},{"start":{"line":3,"column":21},"end":{"line":3,"column":71}}],"line":3}},"s":{"0":16,"1":104,"2":104,"3":4,"4":4,"5":4,"6":4,"7":4,"8":4,"9":4,"10":4,"11":4,"12":4,"13":4,"14":4,"15":4,"16":4,"17":4,"18":4},"f":{"0":16},"b":{"0":[104,0]},"_coverageSchema":"332fd63041d2c1bcb487cc26dd0d5f7d97098a6c","hash":"b6ce2083a0888c9614cebd5815b14ba8651ee40c"}
,"C:\\Users\\Orel Balilti\\Documents\\Projects\\Sugoi\\core\\dist\\__tests__\\classes\\dummy.class.js": {"path":"C:\\Users\\Orel Balilti\\Documents\\Projects\\Sugoi\\core\\dist\\__tests__\\classes\\dummy.class.js","statementMap":{"0":{"start":{"line":2,"column":17},"end":{"line":7,"column":1}},"1":{"start":{"line":3,"column":12},"end":{"line":3,"column":28}},"2":{"start":{"line":3,"column":34},"end":{"line":3,"column":125}},"3":{"start":{"line":4,"column":4},"end":{"line":5,"column":150}},"4":{"start":{"line":4,"column":79},"end":{"line":4,"column":131}},"5":{"start":{"line":5,"column":9},"end":{"line":5,"column":150}},"6":{"start":{"line":5,"column":58},"end":{"line":5,"column":150}},"7":{"start":{"line":5,"column":81},"end":{"line":5,"column":150}},"8":{"start":{"line":6,"column":4},"end":{"line":6,"column":66}},"9":{"start":{"line":8,"column":17},"end":{"line":10,"column":1}},"10":{"start":{"line":9,"column":4},"end":{"line":9,"column":109}},"11":{"start":{"line":9,"column":79},"end":{"line":9,"column":109}},"12":{"start":{"line":11,"column":0},"end":{"line":11,"column":62}},"13":{"start":{"line":12,"column":16},"end":{"line":12,"column":38}},"14":{"start":{"line":13,"column":29},"end":{"line":13,"column":75}},"15":{"start":{"line":14,"column":12},"end":{"line":26,"column":1}},"16":{"start":{"line":16,"column":8},"end":{"line":16,"column":26}},"17":{"start":{"line":19,"column":8},"end":{"line":19,"column":25}},"18":{"start":{"line":20,"column":8},"end":{"line":20,"column":26}},"19":{"start":{"line":23,"column":8},"end":{"line":23,"column":32}},"20":{"start":{"line":24,"column":8},"end":{"line":24,"column":26}},"21":{"start":{"line":27,"column":0},"end":{"line":35,"column":36}},"22":{"start":{"line":36,"column":0},"end":{"line":42,"column":10}},"23":{"start":{"line":43,"column":0},"end":{"line":43,"column":22}}},"fnMap":{"0":{"name":"(anonymous_0)","decl":{"start":{"line":2,"column":46},"end":{"line":2,"column":47}},"loc":{"start":{"line":2,"column":87},"end":{"line":7,"column":1}},"line":2},"1":{"name":"(anonymous_1)","decl":{"start":{"line":8,"column":46},"end":{"line":8,"column":47}},"loc":{"start":{"line":8,"column":62},"end":{"line":10,"column":1}},"line":8},"2":{"name":"(anonymous_2)","decl":{"start":{"line":15,"column":4},"end":{"line":15,"column":5}},"loc":{"start":{"line":15,"column":18},"end":{"line":17,"column":5}},"line":15},"3":{"name":"(anonymous_3)","decl":{"start":{"line":18,"column":4},"end":{"line":18,"column":5}},"loc":{"start":{"line":18,"column":16},"end":{"line":21,"column":5}},"line":18},"4":{"name":"(anonymous_4)","decl":{"start":{"line":22,"column":4},"end":{"line":22,"column":5}},"loc":{"start":{"line":22,"column":36},"end":{"line":25,"column":5}},"line":22}},"branchMap":{"0":{"loc":{"start":{"line":2,"column":17},"end":{"line":7,"column":1}},"type":"binary-expr","locations":[{"start":{"line":2,"column":18},"end":{"line":2,"column":22}},{"start":{"line":2,"column":26},"end":{"line":2,"column":41}},{"start":{"line":2,"column":46},"end":{"line":7,"column":1}}],"line":2},"1":{"loc":{"start":{"line":3,"column":34},"end":{"line":3,"column":125}},"type":"cond-expr","locations":[{"start":{"line":3,"column":42},"end":{"line":3,"column":48}},{"start":{"line":3,"column":51},"end":{"line":3,"column":125}}],"line":3},"2":{"loc":{"start":{"line":3,"column":51},"end":{"line":3,"column":125}},"type":"cond-expr","locations":[{"start":{"line":3,"column":67},"end":{"line":3,"column":118}},{"start":{"line":3,"column":121},"end":{"line":3,"column":125}}],"line":3},"3":{"loc":{"start":{"line":4,"column":4},"end":{"line":5,"column":150}},"type":"if","locations":[{"start":{"line":4,"column":4},"end":{"line":5,"column":150}},{"start":{"line":4,"column":4},"end":{"line":5,"column":150}}],"line":4},"4":{"loc":{"start":{"line":4,"column":8},"end":{"line":4,"column":77}},"type":"binary-expr","locations":[{"start":{"line":4,"column":8},"end":{"line":4,"column":35}},{"start":{"line":4,"column":39},"end":{"line":4,"column":77}}],"line":4},"5":{"loc":{"start":{"line":5,"column":58},"end":{"line":5,"column":150}},"type":"if","locations":[{"start":{"line":5,"column":58},"end":{"line":5,"column":150}},{"start":{"line":5,"column":58},"end":{"line":5,"column":150}}],"line":5},"6":{"loc":{"start":{"line":5,"column":85},"end":{"line":5,"column":149}},"type":"binary-expr","locations":[{"start":{"line":5,"column":86},"end":{"line":5,"column":143}},{"start":{"line":5,"column":148},"end":{"line":5,"column":149}}],"line":5},"7":{"loc":{"start":{"line":5,"column":86},"end":{"line":5,"column":143}},"type":"cond-expr","locations":[{"start":{"line":5,"column":94},"end":{"line":5,"column":98}},{"start":{"line":5,"column":101},"end":{"line":5,"column":143}}],"line":5},"8":{"loc":{"start":{"line":5,"column":101},"end":{"line":5,"column":143}},"type":"cond-expr","locations":[{"start":{"line":5,"column":109},"end":{"line":5,"column":126}},{"start":{"line":5,"column":129},"end":{"line":5,"column":143}}],"line":5},"9":{"loc":{"start":{"line":6,"column":11},"end":{"line":6,"column":62}},"type":"binary-expr","locations":[{"start":{"line":6,"column":11},"end":{"line":6,"column":16}},{"start":{"line":6,"column":20},"end":{"line":6,"column":21}},{"start":{"line":6,"column":25},"end":{"line":6,"column":62}}],"line":6},"10":{"loc":{"start":{"line":8,"column":17},"end":{"line":10,"column":1}},"type":"binary-expr","locations":[{"start":{"line":8,"column":18},"end":{"line":8,"column":22}},{"start":{"line":8,"column":26},"end":{"line":8,"column":41}},{"start":{"line":8,"column":46},"end":{"line":10,"column":1}}],"line":8},"11":{"loc":{"start":{"line":9,"column":4},"end":{"line":9,"column":109}},"type":"if","locations":[{"start":{"line":9,"column":4},"end":{"line":9,"column":109}},{"start":{"line":9,"column":4},"end":{"line":9,"column":109}}],"line":9},"12":{"loc":{"start":{"line":9,"column":8},"end":{"line":9,"column":77}},"type":"binary-expr","locations":[{"start":{"line":9,"column":8},"end":{"line":9,"column":35}},{"start":{"line":9,"column":39},"end":{"line":9,"column":77}}],"line":9}},"s":{"0":2,"1":4,"2":4,"3":4,"4":4,"5":0,"6":0,"7":0,"8":4,"9":2,"10":6,"11":6,"12":2,"13":2,"14":2,"15":2,"16":3,"17":1,"18":1,"19":2,"20":2,"21":2,"22":2,"23":2},"f":{"0":4,"1":6,"2":3,"3":1,"4":2},"b":{"0":[2,2,2],"1":[2,2],"2":[2,0],"3":[4,0],"4":[4,4],"5":[0,0],"6":[0,0],"7":[0,0],"8":[0,0],"9":[4,2,2],"10":[2,2,2],"11":[6,0],"12":[6,6]},"_coverageSchema":"332fd63041d2c1bcb487cc26dd0d5f7d97098a6c","hash":"60a3b5694ac30537325eac297f06eca6c8766b11"}
,"C:\\Users\\Orel Balilti\\Documents\\Projects\\Sugoi\\core\\dist\\__tests__\\classes\\nested-policy-check.class.js": {"path":"C:\\Users\\Orel Balilti\\Documents\\Projects\\Sugoi\\core\\dist\\__tests__\\classes\\nested-policy-check.class.js","statementMap":{"0":{"start":{"line":2,"column":17},"end":{"line":7,"column":1}},"1":{"start":{"line":3,"column":12},"end":{"line":3,"column":28}},"2":{"start":{"line":3,"column":34},"end":{"line":3,"column":125}},"3":{"start":{"line":4,"column":4},"end":{"line":5,"column":150}},"4":{"start":{"line":4,"column":79},"end":{"line":4,"column":131}},"5":{"start":{"line":5,"column":9},"end":{"line":5,"column":150}},"6":{"start":{"line":5,"column":58},"end":{"line":5,"column":150}},"7":{"start":{"line":5,"column":81},"end":{"line":5,"column":150}},"8":{"start":{"line":6,"column":4},"end":{"line":6,"column":66}},"9":{"start":{"line":8,"column":17},"end":{"line":10,"column":1}},"10":{"start":{"line":9,"column":4},"end":{"line":9,"column":109}},"11":{"start":{"line":9,"column":79},"end":{"line":9,"column":109}},"12":{"start":{"line":11,"column":0},"end":{"line":11,"column":62}},"13":{"start":{"line":12,"column":16},"end":{"line":12,"column":38}},"14":{"start":{"line":14,"column":21},"end":{"line":16,"column":1}},"15":{"start":{"line":17,"column":24},"end":{"line":21,"column":1}},"16":{"start":{"line":19,"column":8},"end":{"line":19,"column":29}},"17":{"start":{"line":22,"column":0},"end":{"line":27,"column":51}},"18":{"start":{"line":28,"column":0},"end":{"line":30,"column":22}},"19":{"start":{"line":31,"column":0},"end":{"line":31,"column":46}}},"fnMap":{"0":{"name":"(anonymous_0)","decl":{"start":{"line":2,"column":46},"end":{"line":2,"column":47}},"loc":{"start":{"line":2,"column":87},"end":{"line":7,"column":1}},"line":2},"1":{"name":"(anonymous_1)","decl":{"start":{"line":8,"column":46},"end":{"line":8,"column":47}},"loc":{"start":{"line":8,"column":62},"end":{"line":10,"column":1}},"line":8},"2":{"name":"(anonymous_2)","decl":{"start":{"line":18,"column":4},"end":{"line":18,"column":5}},"loc":{"start":{"line":18,"column":22},"end":{"line":20,"column":5}},"line":18}},"branchMap":{"0":{"loc":{"start":{"line":2,"column":17},"end":{"line":7,"column":1}},"type":"binary-expr","locations":[{"start":{"line":2,"column":18},"end":{"line":2,"column":22}},{"start":{"line":2,"column":26},"end":{"line":2,"column":41}},{"start":{"line":2,"column":46},"end":{"line":7,"column":1}}],"line":2},"1":{"loc":{"start":{"line":3,"column":34},"end":{"line":3,"column":125}},"type":"cond-expr","locations":[{"start":{"line":3,"column":42},"end":{"line":3,"column":48}},{"start":{"line":3,"column":51},"end":{"line":3,"column":125}}],"line":3},"2":{"loc":{"start":{"line":3,"column":51},"end":{"line":3,"column":125}},"type":"cond-expr","locations":[{"start":{"line":3,"column":67},"end":{"line":3,"column":118}},{"start":{"line":3,"column":121},"end":{"line":3,"column":125}}],"line":3},"3":{"loc":{"start":{"line":4,"column":4},"end":{"line":5,"column":150}},"type":"if","locations":[{"start":{"line":4,"column":4},"end":{"line":5,"column":150}},{"start":{"line":4,"column":4},"end":{"line":5,"column":150}}],"line":4},"4":{"loc":{"start":{"line":4,"column":8},"end":{"line":4,"column":77}},"type":"binary-expr","locations":[{"start":{"line":4,"column":8},"end":{"line":4,"column":35}},{"start":{"line":4,"column":39},"end":{"line":4,"column":77}}],"line":4},"5":{"loc":{"start":{"line":5,"column":58},"end":{"line":5,"column":150}},"type":"if","locations":[{"start":{"line":5,"column":58},"end":{"line":5,"column":150}},{"start":{"line":5,"column":58},"end":{"line":5,"column":150}}],"line":5},"6":{"loc":{"start":{"line":5,"column":85},"end":{"line":5,"column":149}},"type":"binary-expr","locations":[{"start":{"line":5,"column":86},"end":{"line":5,"column":143}},{"start":{"line":5,"column":148},"end":{"line":5,"column":149}}],"line":5},"7":{"loc":{"start":{"line":5,"column":86},"end":{"line":5,"column":143}},"type":"cond-expr","locations":[{"start":{"line":5,"column":94},"end":{"line":5,"column":98}},{"start":{"line":5,"column":101},"end":{"line":5,"column":143}}],"line":5},"8":{"loc":{"start":{"line":5,"column":101},"end":{"line":5,"column":143}},"type":"cond-expr","locations":[{"start":{"line":5,"column":109},"end":{"line":5,"column":126}},{"start":{"line":5,"column":129},"end":{"line":5,"column":143}}],"line":5},"9":{"loc":{"start":{"line":6,"column":11},"end":{"line":6,"column":62}},"type":"binary-expr","locations":[{"start":{"line":6,"column":11},"end":{"line":6,"column":16}},{"start":{"line":6,"column":20},"end":{"line":6,"column":21}},{"start":{"line":6,"column":25},"end":{"line":6,"column":62}}],"line":6},"10":{"loc":{"start":{"line":8,"column":17},"end":{"line":10,"column":1}},"type":"binary-expr","locations":[{"start":{"line":8,"column":18},"end":{"line":8,"column":22}},{"start":{"line":8,"column":26},"end":{"line":8,"column":41}},{"start":{"line":8,"column":46},"end":{"line":10,"column":1}}],"line":8},"11":{"loc":{"start":{"line":9,"column":4},"end":{"line":9,"column":109}},"type":"if","locations":[{"start":{"line":9,"column":4},"end":{"line":9,"column":109}},{"start":{"line":9,"column":4},"end":{"line":9,"column":109}}],"line":9},"12":{"loc":{"start":{"line":9,"column":8},"end":{"line":9,"column":77}},"type":"binary-expr","locations":[{"start":{"line":9,"column":8},"end":{"line":9,"column":35}},{"start":{"line":9,"column":39},"end":{"line":9,"column":77}}],"line":9}},"s":{"0":1,"1":2,"2":2,"3":2,"4":2,"5":0,"6":0,"7":0,"8":2,"9":1,"10":3,"11":3,"12":1,"13":1,"14":1,"15":1,"16":2,"17":1,"18":1,"19":1},"f":{"0":2,"1":3,"2":2},"b":{"0":[1,1,1],"1":[1,1],"2":[1,0],"3":[2,0],"4":[2,2],"5":[0,0],"6":[0,0],"7":[0,0],"8":[0,0],"9":[2,1,1],"10":[1,1,1],"11":[3,0],"12":[3,3]},"_coverageSchema":"332fd63041d2c1bcb487cc26dd0d5f7d97098a6c","hash":"d13f51dcb61ab80abd3c044d93df30647e6ee437"}
,"C:\\Users\\Orel Balilti\\Documents\\Projects\\Sugoi\\core\\dist\\__tests__\\classes\\policy-check.class.js": {"path":"C:\\Users\\Orel Balilti\\Documents\\Projects\\Sugoi\\core\\dist\\__tests__\\classes\\policy-check.class.js","statementMap":{"0":{"start":{"line":2,"column":17},"end":{"line":7,"column":1}},"1":{"start":{"line":3,"column":12},"end":{"line":3,"column":28}},"2":{"start":{"line":3,"column":34},"end":{"line":3,"column":125}},"3":{"start":{"line":4,"column":4},"end":{"line":5,"column":150}},"4":{"start":{"line":4,"column":79},"end":{"line":4,"column":131}},"5":{"start":{"line":5,"column":9},"end":{"line":5,"column":150}},"6":{"start":{"line":5,"column":58},"end":{"line":5,"column":150}},"7":{"start":{"line":5,"column":81},"end":{"line":5,"column":150}},"8":{"start":{"line":6,"column":4},"end":{"line":6,"column":66}},"9":{"start":{"line":8,"column":17},"end":{"line":10,"column":1}},"10":{"start":{"line":9,"column":4},"end":{"line":9,"column":109}},"11":{"start":{"line":9,"column":79},"end":{"line":9,"column":109}},"12":{"start":{"line":11,"column":0},"end":{"line":11,"column":62}},"13":{"start":{"line":12,"column":16},"end":{"line":12,"column":38}},"14":{"start":{"line":13,"column":31},"end":{"line":13,"column":79}},"15":{"start":{"line":15,"column":21},"end":{"line":22,"column":1}},"16":{"start":{"line":23,"column":18},"end":{"line":33,"column":1}},"17":{"start":{"line":25,"column":8},"end":{"line":25,"column":47}},"18":{"start":{"line":28,"column":8},"end":{"line":28,"column":29}},"19":{"start":{"line":31,"column":8},"end":{"line":31,"column":23}},"20":{"start":{"line":34,"column":0},"end":{"line":39,"column":45}},"21":{"start":{"line":40,"column":0},"end":{"line":45,"column":42}},"22":{"start":{"line":46,"column":0},"end":{"line":48,"column":16}},"23":{"start":{"line":49,"column":0},"end":{"line":49,"column":34}}},"fnMap":{"0":{"name":"(anonymous_0)","decl":{"start":{"line":2,"column":46},"end":{"line":2,"column":47}},"loc":{"start":{"line":2,"column":87},"end":{"line":7,"column":1}},"line":2},"1":{"name":"(anonymous_1)","decl":{"start":{"line":8,"column":46},"end":{"line":8,"column":47}},"loc":{"start":{"line":8,"column":62},"end":{"line":10,"column":1}},"line":8},"2":{"name":"(anonymous_2)","decl":{"start":{"line":24,"column":4},"end":{"line":24,"column":5}},"loc":{"start":{"line":24,"column":18},"end":{"line":26,"column":5}},"line":24},"3":{"name":"(anonymous_3)","decl":{"start":{"line":27,"column":4},"end":{"line":27,"column":5}},"loc":{"start":{"line":27,"column":22},"end":{"line":29,"column":5}},"line":27},"4":{"name":"(anonymous_4)","decl":{"start":{"line":30,"column":4},"end":{"line":30,"column":5}},"loc":{"start":{"line":30,"column":13},"end":{"line":32,"column":5}},"line":30}},"branchMap":{"0":{"loc":{"start":{"line":2,"column":17},"end":{"line":7,"column":1}},"type":"binary-expr","locations":[{"start":{"line":2,"column":18},"end":{"line":2,"column":22}},{"start":{"line":2,"column":26},"end":{"line":2,"column":41}},{"start":{"line":2,"column":46},"end":{"line":7,"column":1}}],"line":2},"1":{"loc":{"start":{"line":3,"column":34},"end":{"line":3,"column":125}},"type":"cond-expr","locations":[{"start":{"line":3,"column":42},"end":{"line":3,"column":48}},{"start":{"line":3,"column":51},"end":{"line":3,"column":125}}],"line":3},"2":{"loc":{"start":{"line":3,"column":51},"end":{"line":3,"column":125}},"type":"cond-expr","locations":[{"start":{"line":3,"column":67},"end":{"line":3,"column":118}},{"start":{"line":3,"column":121},"end":{"line":3,"column":125}}],"line":3},"3":{"loc":{"start":{"line":4,"column":4},"end":{"line":5,"column":150}},"type":"if","locations":[{"start":{"line":4,"column":4},"end":{"line":5,"column":150}},{"start":{"line":4,"column":4},"end":{"line":5,"column":150}}],"line":4},"4":{"loc":{"start":{"line":4,"column":8},"end":{"line":4,"column":77}},"type":"binary-expr","locations":[{"start":{"line":4,"column":8},"end":{"line":4,"column":35}},{"start":{"line":4,"column":39},"end":{"line":4,"column":77}}],"line":4},"5":{"loc":{"start":{"line":5,"column":58},"end":{"line":5,"column":150}},"type":"if","locations":[{"start":{"line":5,"column":58},"end":{"line":5,"column":150}},{"start":{"line":5,"column":58},"end":{"line":5,"column":150}}],"line":5},"6":{"loc":{"start":{"line":5,"column":85},"end":{"line":5,"column":149}},"type":"binary-expr","locations":[{"start":{"line":5,"column":86},"end":{"line":5,"column":143}},{"start":{"line":5,"column":148},"end":{"line":5,"column":149}}],"line":5},"7":{"loc":{"start":{"line":5,"column":86},"end":{"line":5,"column":143}},"type":"cond-expr","locations":[{"start":{"line":5,"column":94},"end":{"line":5,"column":98}},{"start":{"line":5,"column":101},"end":{"line":5,"column":143}}],"line":5},"8":{"loc":{"start":{"line":5,"column":101},"end":{"line":5,"column":143}},"type":"cond-expr","locations":[{"start":{"line":5,"column":109},"end":{"line":5,"column":126}},{"start":{"line":5,"column":129},"end":{"line":5,"column":143}}],"line":5},"9":{"loc":{"start":{"line":6,"column":11},"end":{"line":6,"column":62}},"type":"binary-expr","locations":[{"start":{"line":6,"column":11},"end":{"line":6,"column":16}},{"start":{"line":6,"column":20},"end":{"line":6,"column":21}},{"start":{"line":6,"column":25},"end":{"line":6,"column":62}}],"line":6},"10":{"loc":{"start":{"line":8,"column":17},"end":{"line":10,"column":1}},"type":"binary-expr","locations":[{"start":{"line":8,"column":18},"end":{"line":8,"column":22}},{"start":{"line":8,"column":26},"end":{"line":8,"column":41}},{"start":{"line":8,"column":46},"end":{"line":10,"column":1}}],"line":8},"11":{"loc":{"start":{"line":9,"column":4},"end":{"line":9,"column":109}},"type":"if","locations":[{"start":{"line":9,"column":4},"end":{"line":9,"column":109}},{"start":{"line":9,"column":4},"end":{"line":9,"column":109}}],"line":9},"12":{"loc":{"start":{"line":9,"column":8},"end":{"line":9,"column":77}},"type":"binary-expr","locations":[{"start":{"line":9,"column":8},"end":{"line":9,"column":35}},{"start":{"line":9,"column":39},"end":{"line":9,"column":77}}],"line":9}},"s":{"0":3,"1":9,"2":9,"3":9,"4":9,"5":0,"6":0,"7":0,"8":9,"9":3,"10":18,"11":18,"12":3,"13":3,"14":3,"15":3,"16":3,"17":4,"18":2,"19":3,"20":3,"21":3,"22":3,"23":3},"f":{"0":9,"1":18,"2":4,"3":2,"4":3},"b":{"0":[3,3,3],"1":[3,6],"2":[6,0],"3":[9,0],"4":[9,9],"5":[0,0],"6":[0,0],"7":[0,0],"8":[0,0],"9":[9,6,6],"10":[3,3,3],"11":[18,0],"12":[18,18]},"_coverageSchema":"332fd63041d2c1bcb487cc26dd0d5f7d97098a6c","hash":"a90d32cdbfe4a47fbe22efbbbf37ee2d3b95c91c"}
,"C:\\Users\\Orel Balilti\\Documents\\Projects\\Sugoi\\core\\dist\\constants\\exceptions.constant.js": {"path":"C:\\Users\\Orel Balilti\\Documents\\Projects\\Sugoi\\core\\dist\\constants\\exceptions.constant.js","statementMap":{"0":{"start":{"line":2,"column":0},"end":{"line":2,"column":62}},"1":{"start":{"line":3,"column":0},"end":{"line":9,"column":2}}},"fnMap":{},"branchMap":{},"s":{"0":4,"1":4},"f":{},"b":{},"_coverageSchema":"332fd63041d2c1bcb487cc26dd0d5f7d97098a6c","hash":"0c830795023e937da470b6d2d4e4c8d497e24e1e"}
,"C:\\Users\\Orel Balilti\\Documents\\Projects\\Sugoi\\core\\dist\\decorators\\deprecated.decorator.js": {"path":"C:\\Users\\Orel Balilti\\Documents\\Projects\\Sugoi\\core\\dist\\decorators\\deprecated.decorator.js","statementMap":{"0":{"start":{"line":2,"column":0},"end":{"line":2,"column":62}},"1":{"start":{"line":4,"column":4},"end":{"line":6,"column":6}},"2":{"start":{"line":5,"column":8},"end":{"line":5,"column":57}},"3":{"start":{"line":8,"column":0},"end":{"line":8,"column":32}}},"fnMap":{"0":{"name":"Deprecated","decl":{"start":{"line":3,"column":9},"end":{"line":3,"column":19}},"loc":{"start":{"line":3,"column":49},"end":{"line":7,"column":1}},"line":3},"1":{"name":"(anonymous_1)","decl":{"start":{"line":4,"column":11},"end":{"line":4,"column":12}},"loc":{"start":{"line":4,"column":35},"end":{"line":6,"column":5}},"line":4}},"branchMap":{"0":{"loc":{"start":{"line":3,"column":20},"end":{"line":3,"column":47}},"type":"default-arg","locations":[{"start":{"line":3,"column":26},"end":{"line":3,"column":47}}],"line":3}},"s":{"0":4,"1":3,"2":3,"3":4},"f":{"0":3,"1":3},"b":{"0":[3]},"_coverageSchema":"332fd63041d2c1bcb487cc26dd0d5f7d97098a6c","hash":"5afa76bf2466b642f05e6f79ae18040c5b025ded"}
,"C:\\Users\\Orel Balilti\\Documents\\Projects\\Sugoi\\core\\dist\\decorators\\index.js": {"path":"C:\\Users\\Orel Balilti\\Documents\\Projects\\Sugoi\\core\\dist\\decorators\\index.js","statementMap":{"0":{"start":{"line":2,"column":0},"end":{"line":2,"column":62}},"1":{"start":{"line":3,"column":29},"end":{"line":3,"column":62}},"2":{"start":{"line":4,"column":0},"end":{"line":4,"column":55}},"3":{"start":{"line":5,"column":27},"end":{"line":5,"column":58}},"4":{"start":{"line":6,"column":0},"end":{"line":6,"column":49}}},"fnMap":{},"branchMap":{},"s":{"0":4,"1":4,"2":4,"3":4,"4":4},"f":{},"b":{},"_coverageSchema":"332fd63041d2c1bcb487cc26dd0d5f7d97098a6c","hash":"8d4533dcad87779fd048840bdf10ea8340e1d89c"}
,"C:\\Users\\Orel Balilti\\Documents\\Projects\\Sugoi\\core\\dist\\decorators\\iterable.decorator.js": {"path":"C:\\Users\\Orel Balilti\\Documents\\Projects\\Sugoi\\core\\dist\\decorators\\iterable.decorator.js","statementMap":{"0":{"start":{"line":2,"column":0},"end":{"line":2,"column":62}},"1":{"start":{"line":4,"column":4},"end":{"line":12,"column":6}},"2":{"start":{"line":5,"column":8},"end":{"line":11,"column":10}},"3":{"start":{"line":7,"column":16},"end":{"line":9,"column":17}},"4":{"start":{"line":8,"column":20},"end":{"line":8,"column":36}},"5":{"start":{"line":14,"column":0},"end":{"line":14,"column":28}}},"fnMap":{"0":{"name":"Iterable","decl":{"start":{"line":3,"column":9},"end":{"line":3,"column":17}},"loc":{"start":{"line":3,"column":20},"end":{"line":13,"column":1}},"line":3},"1":{"name":"(anonymous_1)","decl":{"start":{"line":4,"column":11},"end":{"line":4,"column":12}},"loc":{"start":{"line":4,"column":45},"end":{"line":12,"column":5}},"line":4},"2":{"name":"(anonymous_2)","decl":{"start":{"line":6,"column":12},"end":{"line":6,"column":13}},"loc":{"start":{"line":6,"column":33},"end":{"line":10,"column":13}},"line":6}},"branchMap":{},"s":{"0":4,"1":2,"2":2,"3":1,"4":3,"5":4},"f":{"0":2,"1":2,"2":1},"b":{},"_coverageSchema":"332fd63041d2c1bcb487cc26dd0d5f7d97098a6c","hash":"4e21594ab12d0a0edc5df8629c7e57a321958f79"}
,"C:\\Users\\Orel Balilti\\Documents\\Projects\\Sugoi\\core\\dist\\exceptions\\generic.exception.js": {"path":"C:\\Users\\Orel Balilti\\Documents\\Projects\\Sugoi\\core\\dist\\exceptions\\generic.exception.js","statementMap":{"0":{"start":{"line":2,"column":0},"end":{"line":2,"column":62}},"1":{"start":{"line":3,"column":35},"end":{"line":3,"column":72}},"2":{"start":{"line":6,"column":8},"end":{"line":6,"column":35}},"3":{"start":{"line":9,"column":0},"end":{"line":9,"column":44}}},"fnMap":{"0":{"name":"(anonymous_0)","decl":{"start":{"line":5,"column":4},"end":{"line":5,"column":5}},"loc":{"start":{"line":5,"column":42},"end":{"line":7,"column":5}},"line":5}},"branchMap":{"0":{"loc":{"start":{"line":5,"column":31},"end":{"line":5,"column":40}},"type":"default-arg","locations":[{"start":{"line":5,"column":38},"end":{"line":5,"column":40}}],"line":5}},"s":{"0":5,"1":5,"2":1,"3":5},"f":{"0":1},"b":{"0":[0]},"_coverageSchema":"332fd63041d2c1bcb487cc26dd0d5f7d97098a6c","hash":"6c43c962074468f62d68a13f950adf647cefff5c"}
,"C:\\Users\\Orel Balilti\\Documents\\Projects\\Sugoi\\core\\dist\\exceptions\\sugoi-abstract.exception.js": {"path":"C:\\Users\\Orel Balilti\\Documents\\Projects\\Sugoi\\core\\dist\\exceptions\\sugoi-abstract.exception.js","statementMap":{"0":{"start":{"line":2,"column":0},"end":{"line":2,"column":62}},"1":{"start":{"line":5,"column":8},"end":{"line":5,"column":23}},"2":{"start":{"line":6,"column":8},"end":{"line":6,"column":31}},"3":{"start":{"line":7,"column":8},"end":{"line":7,"column":25}},"4":{"start":{"line":8,"column":8},"end":{"line":10,"column":9}},"5":{"start":{"line":9,"column":12},"end":{"line":9,"column":26}},"6":{"start":{"line":11,"column":8},"end":{"line":11,"column":46}},"7":{"start":{"line":12,"column":8},"end":{"line":12,"column":46}},"8":{"start":{"line":13,"column":8},"end":{"line":13,"column":26}},"9":{"start":{"line":16,"column":8},"end":{"line":16,"column":30}},"10":{"start":{"line":19,"column":8},"end":{"line":19,"column":28}},"11":{"start":{"line":22,"column":8},"end":{"line":22,"column":25}},"12":{"start":{"line":25,"column":8},"end":{"line":25,"column":26}},"13":{"start":{"line":28,"column":8},"end":{"line":28,"column":34}},"14":{"start":{"line":31,"column":28},"end":{"line":31,"column":97}},"15":{"start":{"line":32,"column":8},"end":{"line":32,"column":80}},"16":{"start":{"line":35,"column":0},"end":{"line":35,"column":32}}},"fnMap":{"0":{"name":"(anonymous_0)","decl":{"start":{"line":4,"column":4},"end":{"line":4,"column":5}},"loc":{"start":{"line":4,"column":42},"end":{"line":14,"column":5}},"line":4},"1":{"name":"(anonymous_1)","decl":{"start":{"line":15,"column":4},"end":{"line":15,"column":5}},"loc":{"start":{"line":15,"column":14},"end":{"line":17,"column":5}},"line":15},"2":{"name":"(anonymous_2)","decl":{"start":{"line":18,"column":4},"end":{"line":18,"column":5}},"loc":{"start":{"line":18,"column":17},"end":{"line":20,"column":5}},"line":18},"3":{"name":"(anonymous_3)","decl":{"start":{"line":21,"column":4},"end":{"line":21,"column":5}},"loc":{"start":{"line":21,"column":14},"end":{"line":23,"column":5}},"line":21},"4":{"name":"(anonymous_4)","decl":{"start":{"line":24,"column":4},"end":{"line":24,"column":5}},"loc":{"start":{"line":24,"column":15},"end":{"line":26,"column":5}},"line":24},"5":{"name":"(anonymous_5)","decl":{"start":{"line":27,"column":4},"end":{"line":27,"column":5}},"loc":{"start":{"line":27,"column":17},"end":{"line":29,"column":5}},"line":27},"6":{"name":"(anonymous_6)","decl":{"start":{"line":30,"column":4},"end":{"line":30,"column":5}},"loc":{"start":{"line":30,"column":17},"end":{"line":33,"column":5}},"line":30}},"branchMap":{"0":{"loc":{"start":{"line":4,"column":31},"end":{"line":4,"column":40}},"type":"default-arg","locations":[{"start":{"line":4,"column":38},"end":{"line":4,"column":40}}],"line":4},"1":{"loc":{"start":{"line":8,"column":8},"end":{"line":10,"column":9}},"type":"if","locations":[{"start":{"line":8,"column":8},"end":{"line":10,"column":9}},{"start":{"line":8,"column":8},"end":{"line":10,"column":9}}],"line":8},"2":{"loc":{"start":{"line":31,"column":28},"end":{"line":31,"column":97}},"type":"cond-expr","locations":[{"start":{"line":31,"column":60},"end":{"line":31,"column":85}},{"start":{"line":31,"column":88},"end":{"line":31,"column":97}}],"line":31}},"s":{"0":5,"1":11,"2":11,"3":11,"4":11,"5":11,"6":11,"7":11,"8":11,"9":1,"10":1,"11":1,"12":1,"13":0,"14":11,"15":11,"16":5},"f":{"0":11,"1":1,"2":1,"3":1,"4":1,"5":0,"6":11},"b":{"0":[0],"1":[11,0],"2":[11,0]},"_coverageSchema":"332fd63041d2c1bcb487cc26dd0d5f7d97098a6c","hash":"0bf514ce76ee619184d74599c3b3da2471573772"}
,"C:\\Users\\Orel Balilti\\Documents\\Projects\\Sugoi\\core\\dist\\inversify\\index.js": {"path":"C:\\Users\\Orel Balilti\\Documents\\Projects\\Sugoi\\core\\dist\\inversify\\index.js","statementMap":{"0":{"start":{"line":2,"column":0},"end":{"line":2,"column":62}},"1":{"start":{"line":3,"column":20},"end":{"line":3,"column":40}},"2":{"start":{"line":4,"column":0},"end":{"line":4,"column":42}},"3":{"start":{"line":5,"column":0},"end":{"line":5,"column":44}},"4":{"start":{"line":6,"column":0},"end":{"line":6,"column":40}},"5":{"start":{"line":7,"column":0},"end":{"line":7,"column":40}},"6":{"start":{"line":8,"column":0},"end":{"line":8,"column":36}},"7":{"start":{"line":9,"column":0},"end":{"line":9,"column":46}},"8":{"start":{"line":10,"column":0},"end":{"line":10,"column":54}},"9":{"start":{"line":11,"column":0},"end":{"line":11,"column":60}},"10":{"start":{"line":12,"column":0},"end":{"line":12,"column":64}},"11":{"start":{"line":13,"column":0},"end":{"line":13,"column":64}},"12":{"start":{"line":14,"column":19},"end":{"line":14,"column":41}},"13":{"start":{"line":15,"column":0},"end":{"line":15,"column":32}},"14":{"start":{"line":16,"column":15},"end":{"line":16,"column":33}},"15":{"start":{"line":17,"column":0},"end":{"line":17,"column":24}},"16":{"start":{"line":18,"column":20},"end":{"line":18,"column":43}},"17":{"start":{"line":19,"column":17},"end":{"line":19,"column":37}},"18":{"start":{"line":20,"column":0},"end":{"line":20,"column":28}},"19":{"start":{"line":21,"column":17},"end":{"line":21,"column":37}},"20":{"start":{"line":22,"column":0},"end":{"line":22,"column":28}}},"fnMap":{},"branchMap":{},"s":{"0":4,"1":4,"2":4,"3":4,"4":4,"5":4,"6":4,"7":4,"8":4,"9":4,"10":4,"11":4,"12":4,"13":4,"14":4,"15":4,"16":4,"17":4,"18":4,"19":4,"20":4},"f":{},"b":{},"_coverageSchema":"332fd63041d2c1bcb487cc26dd0d5f7d97098a6c","hash":"fcba6c48a74e657b47a0cd87a1ad33a7222c9d32"}
,"C:\\Users\\Orel Balilti\\Documents\\Projects\\Sugoi\\core\\dist\\policies\\index.js": {"path":"C:\\Users\\Orel Balilti\\Documents\\Projects\\Sugoi\\core\\dist\\policies\\index.js","statementMap":{"0":{"start":{"line":2,"column":0},"end":{"line":2,"column":62}},"1":{"start":{"line":3,"column":29},"end":{"line":3,"column":68}},"2":{"start":{"line":4,"column":0},"end":{"line":4,"column":59}},"3":{"start":{"line":5,"column":0},"end":{"line":5,"column":71}},"4":{"start":{"line":6,"column":26},"end":{"line":6,"column":66}},"5":{"start":{"line":7,"column":0},"end":{"line":7,"column":54}},"6":{"start":{"line":8,"column":32},"end":{"line":8,"column":76}},"7":{"start":{"line":9,"column":0},"end":{"line":9,"column":70}},"8":{"start":{"line":10,"column":38},"end":{"line":10,"column":88}},"9":{"start":{"line":11,"column":0},"end":{"line":11,"column":86}},"10":{"start":{"line":12,"column":25},"end":{"line":12,"column":65}},"11":{"start":{"line":13,"column":0},"end":{"line":13,"column":71}},"12":{"start":{"line":14,"column":0},"end":{"line":14,"column":43}},"13":{"start":{"line":15,"column":0},"end":{"line":15,"column":49}}},"fnMap":{},"branchMap":{},"s":{"0":4,"1":4,"2":4,"3":4,"4":4,"5":4,"6":4,"7":4,"8":4,"9":4,"10":4,"11":4,"12":4,"13":4},"f":{},"b":{},"_coverageSchema":"332fd63041d2c1bcb487cc26dd0d5f7d97098a6c","hash":"742c7e65af74bb1b895e3075df599aedbdd9b22c"}
,"C:\\Users\\Orel Balilti\\Documents\\Projects\\Sugoi\\core\\dist\\policies\\classes\\comparable-schema.class.js": {"path":"C:\\Users\\Orel Balilti\\Documents\\Projects\\Sugoi\\core\\dist\\policies\\classes\\comparable-schema.class.js","statementMap":{"0":{"start":{"line":2,"column":0},"end":{"line":2,"column":62}},"1":{"start":{"line":5,"column":8},"end":{"line":5,"column":31}},"2":{"start":{"line":6,"column":8},"end":{"line":6,"column":34}},"3":{"start":{"line":7,"column":8},"end":{"line":7,"column":35}},"4":{"start":{"line":10,"column":8},"end":{"line":10,"column":47}},"5":{"start":{"line":13,"column":8},"end":{"line":13,"column":37}},"6":{"start":{"line":14,"column":8},"end":{"line":14,"column":20}},"7":{"start":{"line":17,"column":8},"end":{"line":17,"column":33}},"8":{"start":{"line":18,"column":8},"end":{"line":18,"column":41}},"9":{"start":{"line":19,"column":8},"end":{"line":19,"column":20}},"10":{"start":{"line":22,"column":8},"end":{"line":22,"column":23}},"11":{"start":{"line":23,"column":8},"end":{"line":23,"column":20}},"12":{"start":{"line":26,"column":8},"end":{"line":26,"column":32}},"13":{"start":{"line":27,"column":8},"end":{"line":27,"column":20}},"14":{"start":{"line":30,"column":8},"end":{"line":30,"column":23}},"15":{"start":{"line":31,"column":8},"end":{"line":31,"column":20}},"16":{"start":{"line":34,"column":8},"end":{"line":34,"column":32}},"17":{"start":{"line":35,"column":8},"end":{"line":35,"column":20}},"18":{"start":{"line":38,"column":8},"end":{"line":38,"column":38}},"19":{"start":{"line":39,"column":8},"end":{"line":39,"column":20}},"20":{"start":{"line":42,"column":0},"end":{"line":42,"column":44}}},"fnMap":{"0":{"name":"(anonymous_0)","decl":{"start":{"line":4,"column":4},"end":{"line":4,"column":5}},"loc":{"start":{"line":4,"column":27},"end":{"line":8,"column":5}},"line":4},"1":{"name":"(anonymous_1)","decl":{"start":{"line":9,"column":4},"end":{"line":9,"column":5}},"loc":{"start":{"line":9,"column":29},"end":{"line":11,"column":5}},"line":9},"2":{"name":"(anonymous_2)","decl":{"start":{"line":12,"column":4},"end":{"line":12,"column":5}},"loc":{"start":{"line":12,"column":30},"end":{"line":15,"column":5}},"line":12},"3":{"name":"(anonymous_3)","decl":{"start":{"line":16,"column":4},"end":{"line":16,"column":5}},"loc":{"start":{"line":16,"column":37},"end":{"line":20,"column":5}},"line":16},"4":{"name":"(anonymous_4)","decl":{"start":{"line":21,"column":4},"end":{"line":21,"column":5}},"loc":{"start":{"line":21,"column":16},"end":{"line":24,"column":5}},"line":21},"5":{"name":"(anonymous_5)","decl":{"start":{"line":25,"column":4},"end":{"line":25,"column":5}},"loc":{"start":{"line":25,"column":25},"end":{"line":28,"column":5}},"line":25},"6":{"name":"(anonymous_6)","decl":{"start":{"line":29,"column":4},"end":{"line":29,"column":5}},"loc":{"start":{"line":29,"column":16},"end":{"line":32,"column":5}},"line":29},"7":{"name":"(anonymous_7)","decl":{"start":{"line":33,"column":4},"end":{"line":33,"column":5}},"loc":{"start":{"line":33,"column":25},"end":{"line":36,"column":5}},"line":33},"8":{"name":"(anonymous_8)","decl":{"start":{"line":37,"column":4},"end":{"line":37,"column":5}},"loc":{"start":{"line":37,"column":31},"end":{"line":40,"column":5}},"line":37}},"branchMap":{"0":{"loc":{"start":{"line":18,"column":25},"end":{"line":18,"column":40}},"type":"binary-expr","locations":[{"start":{"line":18,"column":25},"end":{"line":18,"column":34}},{"start":{"line":18,"column":38},"end":{"line":18,"column":40}}],"line":18}},"s":{"0":4,"1":15,"2":15,"3":15,"4":15,"5":6,"6":6,"7":2,"8":2,"9":2,"10":2,"11":2,"12":3,"13":3,"14":2,"15":2,"16":3,"17":3,"18":3,"19":3,"20":4},"f":{"0":15,"1":15,"2":6,"3":2,"4":2,"5":3,"6":2,"7":3,"8":3},"b":{"0":[2,2]},"_coverageSchema":"332fd63041d2c1bcb487cc26dd0d5f7d97098a6c","hash":"9c5ca3c43a77b4ce046d5ac0033e0b2d717a8ce2"}
,"C:\\Users\\Orel Balilti\\Documents\\Projects\\Sugoi\\core\\dist\\policies\\classes\\policy-item.class.js": {"path":"C:\\Users\\Orel Balilti\\Documents\\Projects\\Sugoi\\core\\dist\\policies\\classes\\policy-item.class.js","statementMap":{"0":{"start":{"line":2,"column":0},"end":{"line":2,"column":62}},"1":{"start":{"line":3,"column":30},"end":{"line":3,"column":76}},"2":{"start":{"line":4,"column":33},"end":{"line":4,"column":80}},"3":{"start":{"line":5,"column":27},"end":{"line":5,"column":68}},"4":{"start":{"line":8,"column":8},"end":{"line":8,"column":25}},"5":{"start":{"line":9,"column":8},"end":{"line":9,"column":49}},"6":{"start":{"line":12,"column":8},"end":{"line":12,"column":69}},"7":{"start":{"line":15,"column":8},"end":{"line":15,"column":51}},"8":{"start":{"line":18,"column":8},"end":{"line":18,"column":51}},"9":{"start":{"line":21,"column":8},"end":{"line":21,"column":47}},"10":{"start":{"line":24,"column":8},"end":{"line":51,"column":10}},"11":{"start":{"line":25,"column":26},"end":{"line":25,"column":30}},"12":{"start":{"line":26,"column":29},"end":{"line":26,"column":112}},"13":{"start":{"line":27,"column":29},"end":{"line":27,"column":31}},"14":{"start":{"line":28,"column":12},"end":{"line":43,"column":13}},"15":{"start":{"line":29,"column":16},"end":{"line":29,"column":81}},"16":{"start":{"line":30,"column":31},"end":{"line":30,"column":58}},"17":{"start":{"line":31,"column":16},"end":{"line":34,"column":17}},"18":{"start":{"line":32,"column":20},"end":{"line":32,"column":63}},"19":{"start":{"line":33,"column":20},"end":{"line":33,"column":45}},"20":{"start":{"line":35,"column":35},"end":{"line":35,"column":152}},"21":{"start":{"line":36,"column":32},"end":{"line":41,"column":18}},"22":{"start":{"line":38,"column":20},"end":{"line":40,"column":21}},"23":{"start":{"line":39,"column":24},"end":{"line":39,"column":288}},"24":{"start":{"line":42,"column":16},"end":{"line":42,"column":39}},"25":{"start":{"line":44,"column":12},"end":{"line":50,"column":15}},"26":{"start":{"line":46,"column":16},"end":{"line":46,"column":52}},"27":{"start":{"line":49,"column":16},"end":{"line":49,"column":26}},"28":{"start":{"line":54,"column":8},"end":{"line":60,"column":10}},"29":{"start":{"line":55,"column":27},"end":{"line":55,"column":49}},"30":{"start":{"line":56,"column":12},"end":{"line":59,"column":47}},"31":{"start":{"line":57,"column":16},"end":{"line":57,"column":30}},"32":{"start":{"line":59,"column":16},"end":{"line":59,"column":47}},"33":{"start":{"line":63,"column":0},"end":{"line":63,"column":32}},"34":{"start":{"line":64,"column":0},"end":{"line":64,"column":32}}},"fnMap":{"0":{"name":"(anonymous_0)","decl":{"start":{"line":7,"column":4},"end":{"line":7,"column":5}},"loc":{"start":{"line":7,"column":74},"end":{"line":10,"column":5}},"line":7},"1":{"name":"(anonymous_1)","decl":{"start":{"line":11,"column":4},"end":{"line":11,"column":5}},"loc":{"start":{"line":11,"column":23},"end":{"line":13,"column":5}},"line":11},"2":{"name":"(anonymous_2)","decl":{"start":{"line":14,"column":4},"end":{"line":14,"column":5}},"loc":{"start":{"line":14,"column":27},"end":{"line":16,"column":5}},"line":14},"3":{"name":"(anonymous_3)","decl":{"start":{"line":17,"column":4},"end":{"line":17,"column":5}},"loc":{"start":{"line":17,"column":27},"end":{"line":19,"column":5}},"line":17},"4":{"name":"(anonymous_4)","decl":{"start":{"line":20,"column":4},"end":{"line":20,"column":5}},"loc":{"start":{"line":20,"column":30},"end":{"line":22,"column":5}},"line":20},"5":{"name":"(anonymous_5)","decl":{"start":{"line":23,"column":4},"end":{"line":23,"column":5}},"loc":{"start":{"line":23,"column":84},"end":{"line":52,"column":5}},"line":23},"6":{"name":"(anonymous_6)","decl":{"start":{"line":24,"column":15},"end":{"line":24,"column":16}},"loc":{"start":{"line":24,"column":39},"end":{"line":51,"column":9}},"line":24},"7":{"name":"(anonymous_7)","decl":{"start":{"line":37,"column":26},"end":{"line":37,"column":27}},"loc":{"start":{"line":37,"column":48},"end":{"line":41,"column":17}},"line":37},"8":{"name":"(anonymous_8)","decl":{"start":{"line":45,"column":22},"end":{"line":45,"column":23}},"loc":{"start":{"line":45,"column":28},"end":{"line":47,"column":13}},"line":45},"9":{"name":"(anonymous_9)","decl":{"start":{"line":48,"column":23},"end":{"line":48,"column":24}},"loc":{"start":{"line":48,"column":32},"end":{"line":50,"column":13}},"line":48},"10":{"name":"(anonymous_10)","decl":{"start":{"line":53,"column":4},"end":{"line":53,"column":5}},"loc":{"start":{"line":53,"column":42},"end":{"line":61,"column":5}},"line":53},"11":{"name":"(anonymous_11)","decl":{"start":{"line":54,"column":31},"end":{"line":54,"column":32}},"loc":{"start":{"line":54,"column":40},"end":{"line":60,"column":9}},"line":54}},"branchMap":{"0":{"loc":{"start":{"line":7,"column":33},"end":{"line":7,"column":72}},"type":"default-arg","locations":[{"start":{"line":7,"column":40},"end":{"line":7,"column":72}}],"line":7},"1":{"loc":{"start":{"line":26,"column":29},"end":{"line":26,"column":112}},"type":"binary-expr","locations":[{"start":{"line":26,"column":29},"end":{"line":26,"column":106}},{"start":{"line":26,"column":110},"end":{"line":26,"column":112}}],"line":26},"2":{"loc":{"start":{"line":31,"column":16},"end":{"line":34,"column":17}},"type":"if","locations":[{"start":{"line":31,"column":16},"end":{"line":34,"column":17}},{"start":{"line":31,"column":16},"end":{"line":34,"column":17}}],"line":31},"3":{"loc":{"start":{"line":38,"column":20},"end":{"line":40,"column":21}},"type":"if","locations":[{"start":{"line":38,"column":20},"end":{"line":40,"column":21}},{"start":{"line":38,"column":20},"end":{"line":40,"column":21}}],"line":38},"4":{"loc":{"start":{"line":39,"column":133},"end":{"line":39,"column":207}},"type":"binary-expr","locations":[{"start":{"line":39,"column":133},"end":{"line":39,"column":151}},{"start":{"line":39,"column":155},"end":{"line":39,"column":207}}],"line":39},"5":{"loc":{"start":{"line":56,"column":12},"end":{"line":59,"column":47}},"type":"if","locations":[{"start":{"line":56,"column":12},"end":{"line":59,"column":47}},{"start":{"line":56,"column":12},"end":{"line":59,"column":47}}],"line":56}},"s":{"0":4,"1":4,"2":4,"3":4,"4":4,"5":4,"6":4,"7":19,"8":0,"9":0,"10":8,"11":17,"12":17,"13":17,"14":17,"15":19,"16":19,"17":19,"18":0,"19":0,"20":19,"21":19,"22":19,"23":10,"24":19,"25":17,"26":7,"27":10,"28":4,"29":19,"30":19,"31":0,"32":19,"33":4,"34":4},"f":{"0":4,"1":4,"2":19,"3":0,"4":0,"5":8,"6":17,"7":19,"8":7,"9":10,"10":4,"11":19},"b":{"0":[0],"1":[17,0],"2":[0,19],"3":[10,9],"4":[10,8],"5":[0,19]},"_coverageSchema":"332fd63041d2c1bcb487cc26dd0d5f7d97098a6c","hash":"e2957d9729025ca141b3b49a0203e42d2f807da8"}
,"C:\\Users\\Orel Balilti\\Documents\\Projects\\Sugoi\\core\\dist\\policies\\classes\\policy-schema-validator.class.js": {"path":"C:\\Users\\Orel Balilti\\Documents\\Projects\\Sugoi\\core\\dist\\policies\\classes\\policy-schema-validator.class.js","statementMap":{"0":{"start":{"line":2,"column":0},"end":{"line":2,"column":62}},"1":{"start":{"line":3,"column":28},"end":{"line":3,"column":69}},"2":{"start":{"line":4,"column":34},"end":{"line":4,"column":70}},"3":{"start":{"line":7,"column":8},"end":{"line":7,"column":43}},"4":{"start":{"line":8,"column":8},"end":{"line":8,"column":29}},"5":{"start":{"line":11,"column":31},"end":{"line":15,"column":9}},"6":{"start":{"line":16,"column":8},"end":{"line":16,"column":70}},"7":{"start":{"line":17,"column":8},"end":{"line":17,"column":32}},"8":{"start":{"line":24,"column":8},"end":{"line":24,"column":53}},"9":{"start":{"line":25,"column":8},"end":{"line":25,"column":52}},"10":{"start":{"line":26,"column":8},"end":{"line":53,"column":9}},"11":{"start":{"line":27,"column":12},"end":{"line":27,"column":83}},"12":{"start":{"line":29,"column":13},"end":{"line":53,"column":9}},"13":{"start":{"line":30,"column":12},"end":{"line":33,"column":100}},"14":{"start":{"line":31,"column":16},"end":{"line":31,"column":83}},"15":{"start":{"line":33,"column":16},"end":{"line":33,"column":100}},"16":{"start":{"line":34,"column":12},"end":{"line":34,"column":36}},"17":{"start":{"line":37,"column":12},"end":{"line":52,"column":15}},"18":{"start":{"line":38,"column":16},"end":{"line":38,"column":66}},"19":{"start":{"line":39,"column":16},"end":{"line":39,"column":65}},"20":{"start":{"line":40,"column":16},"end":{"line":50,"column":17}},"21":{"start":{"line":41,"column":20},"end":{"line":46,"column":21}},"22":{"start":{"line":42,"column":24},"end":{"line":42,"column":55}},"23":{"start":{"line":45,"column":24},"end":{"line":45,"column":140}},"24":{"start":{"line":45,"column":81},"end":{"line":45,"column":138}},"25":{"start":{"line":49,"column":20},"end":{"line":49,"column":85}},"26":{"start":{"line":51,"column":16},"end":{"line":51,"column":46}},"27":{"start":{"line":54,"column":8},"end":{"line":54,"column":32}},"28":{"start":{"line":57,"column":8},"end":{"line":58,"column":25}},"29":{"start":{"line":58,"column":12},"end":{"line":58,"column":25}},"30":{"start":{"line":59,"column":20},"end":{"line":59,"column":24}},"31":{"start":{"line":60,"column":8},"end":{"line":70,"column":9}},"32":{"start":{"line":62,"column":16},"end":{"line":62,"column":76}},"33":{"start":{"line":63,"column":16},"end":{"line":63,"column":22}},"34":{"start":{"line":65,"column":16},"end":{"line":65,"column":76}},"35":{"start":{"line":66,"column":16},"end":{"line":66,"column":22}},"36":{"start":{"line":68,"column":16},"end":{"line":68,"column":77}},"37":{"start":{"line":69,"column":16},"end":{"line":69,"column":22}},"38":{"start":{"line":71,"column":8},"end":{"line":71,"column":21}},"39":{"start":{"line":74,"column":20},"end":{"line":74,"column":63}},"40":{"start":{"line":75,"column":8},"end":{"line":75,"column":32}},"41":{"start":{"line":76,"column":8},"end":{"line":78,"column":9}},"42":{"start":{"line":77,"column":12},"end":{"line":77,"column":57}},"43":{"start":{"line":79,"column":8},"end":{"line":81,"column":9}},"44":{"start":{"line":80,"column":12},"end":{"line":80,"column":49}},"45":{"start":{"line":82,"column":8},"end":{"line":84,"column":9}},"46":{"start":{"line":83,"column":12},"end":{"line":83,"column":57}},"47":{"start":{"line":85,"column":8},"end":{"line":87,"column":9}},"48":{"start":{"line":86,"column":12},"end":{"line":86,"column":49}},"49":{"start":{"line":88,"column":8},"end":{"line":88,"column":21}},"50":{"start":{"line":91,"column":20},"end":{"line":91,"column":45}},"51":{"start":{"line":92,"column":8},"end":{"line":93,"column":25}},"52":{"start":{"line":93,"column":12},"end":{"line":93,"column":25}},"53":{"start":{"line":94,"column":22},"end":{"line":94,"column":70}},"54":{"start":{"line":95,"column":8},"end":{"line":95,"column":43}},"55":{"start":{"line":96,"column":8},"end":{"line":96,"column":21}},"56":{"start":{"line":100,"column":8},"end":{"line":105,"column":9}},"57":{"start":{"line":101,"column":12},"end":{"line":101,"column":59}},"58":{"start":{"line":104,"column":12},"end":{"line":104,"column":26}},"59":{"start":{"line":106,"column":8},"end":{"line":106,"column":21}},"60":{"start":{"line":109,"column":0},"end":{"line":109,"column":54}}},"fnMap":{"0":{"name":"(anonymous_0)","decl":{"start":{"line":6,"column":4},"end":{"line":6,"column":5}},"loc":{"start":{"line":6,"column":39},"end":{"line":9,"column":5}},"line":6},"1":{"name":"(anonymous_1)","decl":{"start":{"line":10,"column":4},"end":{"line":10,"column":5}},"loc":{"start":{"line":10,"column":15},"end":{"line":18,"column":5}},"line":10},"2":{"name":"(anonymous_2)","decl":{"start":{"line":19,"column":4},"end":{"line":19,"column":5}},"loc":{"start":{"line":23,"column":7},"end":{"line":55,"column":5}},"line":23},"3":{"name":"(anonymous_3)","decl":{"start":{"line":37,"column":42},"end":{"line":37,"column":43}},"loc":{"start":{"line":37,"column":49},"end":{"line":52,"column":13}},"line":37},"4":{"name":"(anonymous_4)","decl":{"start":{"line":45,"column":73},"end":{"line":45,"column":74}},"loc":{"start":{"line":45,"column":81},"end":{"line":45,"column":138}},"line":45},"5":{"name":"(anonymous_5)","decl":{"start":{"line":56,"column":4},"end":{"line":56,"column":5}},"loc":{"start":{"line":56,"column":30},"end":{"line":72,"column":5}},"line":56},"6":{"name":"(anonymous_6)","decl":{"start":{"line":73,"column":4},"end":{"line":73,"column":5}},"loc":{"start":{"line":73,"column":41},"end":{"line":89,"column":5}},"line":73},"7":{"name":"(anonymous_7)","decl":{"start":{"line":90,"column":4},"end":{"line":90,"column":5}},"loc":{"start":{"line":90,"column":41},"end":{"line":97,"column":5}},"line":90},"8":{"name":"(anonymous_8)","decl":{"start":{"line":98,"column":4},"end":{"line":98,"column":5}},"loc":{"start":{"line":98,"column":42},"end":{"line":107,"column":5}},"line":98}},"branchMap":{"0":{"loc":{"start":{"line":19,"column":36},"end":{"line":23,"column":5}},"type":"default-arg","locations":[{"start":{"line":19,"column":55},"end":{"line":23,"column":5}}],"line":19},"1":{"loc":{"start":{"line":26,"column":8},"end":{"line":53,"column":9}},"type":"if","locations":[{"start":{"line":26,"column":8},"end":{"line":53,"column":9}},{"start":{"line":26,"column":8},"end":{"line":53,"column":9}}],"line":26},"2":{"loc":{"start":{"line":27,"column":37},"end":{"line":27,"column":82}},"type":"binary-expr","locations":[{"start":{"line":27,"column":37},"end":{"line":27,"column":48}},{"start":{"line":27,"column":52},"end":{"line":27,"column":82}}],"line":27},"3":{"loc":{"start":{"line":29,"column":13},"end":{"line":53,"column":9}},"type":"if","locations":[{"start":{"line":29,"column":13},"end":{"line":53,"column":9}},{"start":{"line":29,"column":13},"end":{"line":53,"column":9}}],"line":29},"4":{"loc":{"start":{"line":30,"column":12},"end":{"line":33,"column":100}},"type":"if","locations":[{"start":{"line":30,"column":12},"end":{"line":33,"column":100}},{"start":{"line":30,"column":12},"end":{"line":33,"column":100}}],"line":30},"5":{"loc":{"start":{"line":40,"column":16},"end":{"line":50,"column":17}},"type":"if","locations":[{"start":{"line":40,"column":16},"end":{"line":50,"column":17}},{"start":{"line":40,"column":16},"end":{"line":50,"column":17}}],"line":40},"6":{"loc":{"start":{"line":41,"column":20},"end":{"line":46,"column":21}},"type":"if","locations":[{"start":{"line":41,"column":20},"end":{"line":46,"column":21}},{"start":{"line":41,"column":20},"end":{"line":46,"column":21}}],"line":41},"7":{"loc":{"start":{"line":57,"column":8},"end":{"line":58,"column":25}},"type":"if","locations":[{"start":{"line":57,"column":8},"end":{"line":58,"column":25}},{"start":{"line":57,"column":8},"end":{"line":58,"column":25}}],"line":57},"8":{"loc":{"start":{"line":60,"column":8},"end":{"line":70,"column":9}},"type":"switch","locations":[{"start":{"line":61,"column":12},"end":{"line":63,"column":22}},{"start":{"line":64,"column":12},"end":{"line":66,"column":22}},{"start":{"line":67,"column":12},"end":{"line":69,"column":22}}],"line":60},"9":{"loc":{"start":{"line":74,"column":20},"end":{"line":74,"column":63}},"type":"binary-expr","locations":[{"start":{"line":74,"column":20},"end":{"line":74,"column":33}},{"start":{"line":74,"column":37},"end":{"line":74,"column":63}}],"line":74},"10":{"loc":{"start":{"line":76,"column":8},"end":{"line":78,"column":9}},"type":"if","locations":[{"start":{"line":76,"column":8},"end":{"line":78,"column":9}},{"start":{"line":76,"column":8},"end":{"line":78,"column":9}}],"line":76},"11":{"loc":{"start":{"line":76,"column":12},"end":{"line":76,"column":53}},"type":"binary-expr","locations":[{"start":{"line":76,"column":12},"end":{"line":76,"column":17}},{"start":{"line":76,"column":21},"end":{"line":76,"column":53}}],"line":76},"12":{"loc":{"start":{"line":77,"column":20},"end":{"line":77,"column":56}},"type":"binary-expr","locations":[{"start":{"line":77,"column":20},"end":{"line":77,"column":25}},{"start":{"line":77,"column":29},"end":{"line":77,"column":56}}],"line":77},"13":{"loc":{"start":{"line":79,"column":8},"end":{"line":81,"column":9}},"type":"if","locations":[{"start":{"line":79,"column":8},"end":{"line":81,"column":9}},{"start":{"line":79,"column":8},"end":{"line":81,"column":9}}],"line":79},"14":{"loc":{"start":{"line":79,"column":12},"end":{"line":79,"column":44}},"type":"binary-expr","locations":[{"start":{"line":79,"column":12},"end":{"line":79,"column":17}},{"start":{"line":79,"column":21},"end":{"line":79,"column":44}}],"line":79},"15":{"loc":{"start":{"line":80,"column":20},"end":{"line":80,"column":48}},"type":"binary-expr","locations":[{"start":{"line":80,"column":20},"end":{"line":80,"column":25}},{"start":{"line":80,"column":29},"end":{"line":80,"column":48}}],"line":80},"16":{"loc":{"start":{"line":82,"column":8},"end":{"line":84,"column":9}},"type":"if","locations":[{"start":{"line":82,"column":8},"end":{"line":84,"column":9}},{"start":{"line":82,"column":8},"end":{"line":84,"column":9}}],"line":82},"17":{"loc":{"start":{"line":82,"column":12},"end":{"line":82,"column":53}},"type":"binary-expr","locations":[{"start":{"line":82,"column":12},"end":{"line":82,"column":17}},{"start":{"line":82,"column":21},"end":{"line":82,"column":53}}],"line":82},"18":{"loc":{"start":{"line":83,"column":20},"end":{"line":83,"column":56}},"type":"binary-expr","locations":[{"start":{"line":83,"column":20},"end":{"line":83,"column":25}},{"start":{"line":83,"column":29},"end":{"line":83,"column":56}}],"line":83},"19":{"loc":{"start":{"line":85,"column":8},"end":{"line":87,"column":9}},"type":"if","locations":[{"start":{"line":85,"column":8},"end":{"line":87,"column":9}},{"start":{"line":85,"column":8},"end":{"line":87,"column":9}}],"line":85},"20":{"loc":{"start":{"line":85,"column":12},"end":{"line":85,"column":44}},"type":"binary-expr","locations":[{"start":{"line":85,"column":12},"end":{"line":85,"column":17}},{"start":{"line":85,"column":21},"end":{"line":85,"column":44}}],"line":85},"21":{"loc":{"start":{"line":86,"column":20},"end":{"line":86,"column":48}},"type":"binary-expr","locations":[{"start":{"line":86,"column":20},"end":{"line":86,"column":25}},{"start":{"line":86,"column":29},"end":{"line":86,"column":48}}],"line":86},"22":{"loc":{"start":{"line":92,"column":8},"end":{"line":93,"column":25}},"type":"if","locations":[{"start":{"line":92,"column":8},"end":{"line":93,"column":25}},{"start":{"line":92,"column":8},"end":{"line":93,"column":25}}],"line":92},"23":{"loc":{"start":{"line":94,"column":47},"end":{"line":94,"column":69}},"type":"binary-expr","locations":[{"start":{"line":94,"column":47},"end":{"line":94,"column":63}},{"start":{"line":94,"column":67},"end":{"line":94,"column":69}}],"line":94},"24":{"loc":{"start":{"line":95,"column":16},"end":{"line":95,"column":42}},"type":"binary-expr","locations":[{"start":{"line":95,"column":16},"end":{"line":95,"column":21}},{"start":{"line":95,"column":25},"end":{"line":95,"column":42}}],"line":95}},"s":{"0":4,"1":4,"2":4,"3":19,"4":19,"5":19,"6":19,"7":19,"8":46,"9":46,"10":46,"11":7,"12":39,"13":25,"14":23,"15":2,"16":25,"17":14,"18":25,"19":25,"20":25,"21":2,"22":1,"23":1,"24":2,"25":23,"26":25,"27":21,"28":23,"29":0,"30":23,"31":23,"32":13,"33":13,"34":7,"35":7,"36":3,"37":3,"38":23,"39":13,"40":13,"41":13,"42":8,"43":13,"44":2,"45":13,"46":7,"47":13,"48":2,"49":13,"50":7,"51":7,"52":1,"53":6,"54":6,"55":6,"56":3,"57":3,"58":0,"59":3,"60":4},"f":{"0":19,"1":19,"2":46,"3":25,"4":2,"5":23,"6":13,"7":7,"8":3},"b":{"0":[0],"1":[7,39],"2":[7,7],"3":[25,14],"4":[23,2],"5":[2,23],"6":[1,1],"7":[0,23],"8":[13,7,3],"9":[13,11],"10":[8,5],"11":[13,11],"12":[8,8],"13":[2,11],"14":[13,10],"15":[2,2],"16":[7,6],"17":[13,10],"18":[7,7],"19":[2,11],"20":[13,9],"21":[2,2],"22":[1,6],"23":[6,6],"24":[6,6]},"_coverageSchema":"332fd63041d2c1bcb487cc26dd0d5f7d97098a6c","hash":"39371a99337677ce9eb7bc8ee18a612eadfc897a"}
,"C:\\Users\\Orel Balilti\\Documents\\Projects\\Sugoi\\core\\dist\\policies\\constants\\schema-types.enum.js": {"path":"C:\\Users\\Orel Balilti\\Documents\\Projects\\Sugoi\\core\\dist\\policies\\constants\\schema-types.enum.js","statementMap":{"0":{"start":{"line":2,"column":0},"end":{"line":2,"column":62}},"1":{"start":{"line":4,"column":0},"end":{"line":8,"column":68}},"2":{"start":{"line":5,"column":4},"end":{"line":5,"column":37}},"3":{"start":{"line":6,"column":4},"end":{"line":6,"column":37}},"4":{"start":{"line":7,"column":4},"end":{"line":7,"column":39}}},"fnMap":{"0":{"name":"(anonymous_0)","decl":{"start":{"line":4,"column":1},"end":{"line":4,"column":2}},"loc":{"start":{"line":4,"column":24},"end":{"line":8,"column":1}},"line":4}},"branchMap":{"0":{"loc":{"start":{"line":8,"column":17},"end":{"line":8,"column":66}},"type":"binary-expr","locations":[{"start":{"line":8,"column":17},"end":{"line":8,"column":36}},{"start":{"line":8,"column":41},"end":{"line":8,"column":65}}],"line":8}},"s":{"0":4,"1":4,"2":4,"3":4,"4":4},"f":{"0":4},"b":{"0":[4,4]},"_coverageSchema":"332fd63041d2c1bcb487cc26dd0d5f7d97098a6c","hash":"c89cc694ebc74cb60a7a58d95115083f2c4e6067"}
,"C:\\Users\\Orel Balilti\\Documents\\Projects\\Sugoi\\core\\dist\\policies\\decorators\\policy.decorator.js": {"path":"C:\\Users\\Orel Balilti\\Documents\\Projects\\Sugoi\\core\\dist\\policies\\decorators\\policy.decorator.js","statementMap":{"0":{"start":{"line":2,"column":0},"end":{"line":2,"column":62}},"1":{"start":{"line":3,"column":28},"end":{"line":3,"column":67}},"2":{"start":{"line":4,"column":30},"end":{"line":4,"column":76}},"3":{"start":{"line":5,"column":33},"end":{"line":5,"column":80}},"4":{"start":{"line":6,"column":22},"end":{"line":6,"column":53}},"5":{"start":{"line":7,"column":0},"end":{"line":7,"column":40}},"6":{"start":{"line":8,"column":0},"end":{"line":8,"column":30}},"7":{"start":{"line":9,"column":0},"end":{"line":9,"column":37}},"8":{"start":{"line":16,"column":15},"end":{"line":24,"column":1}},"9":{"start":{"line":17,"column":4},"end":{"line":23,"column":6}},"10":{"start":{"line":18,"column":8},"end":{"line":20,"column":9}},"11":{"start":{"line":19,"column":12},"end":{"line":19,"column":188}},"12":{"start":{"line":21,"column":8},"end":{"line":21,"column":68}},"13":{"start":{"line":22,"column":8},"end":{"line":22,"column":125}},"14":{"start":{"line":25,"column":0},"end":{"line":25,"column":24}},"15":{"start":{"line":36,"column":18},"end":{"line":55,"column":1}},"16":{"start":{"line":38,"column":29},"end":{"line":38,"column":89}},"17":{"start":{"line":39,"column":4},"end":{"line":46,"column":5}},"18":{"start":{"line":40,"column":8},"end":{"line":40,"column":75}},"19":{"start":{"line":41,"column":8},"end":{"line":42,"column":101}},"20":{"start":{"line":42,"column":12},"end":{"line":42,"column":101}},"21":{"start":{"line":45,"column":8},"end":{"line":45,"column":26}},"22":{"start":{"line":47,"column":4},"end":{"line":54,"column":6}},"23":{"start":{"line":48,"column":8},"end":{"line":53,"column":9}},"24":{"start":{"line":49,"column":12},"end":{"line":49,"column":111}},"25":{"start":{"line":52,"column":12},"end":{"line":52,"column":99}},"26":{"start":{"line":56,"column":0},"end":{"line":56,"column":30}},"27":{"start":{"line":58,"column":22},"end":{"line":58,"column":24}},"28":{"start":{"line":59,"column":4},"end":{"line":59,"column":78}},"29":{"start":{"line":60,"column":4},"end":{"line":68,"column":7}},"30":{"start":{"line":61,"column":8},"end":{"line":62,"column":19}},"31":{"start":{"line":62,"column":12},"end":{"line":62,"column":19}},"32":{"start":{"line":63,"column":27},"end":{"line":63,"column":86}},"33":{"start":{"line":64,"column":8},"end":{"line":67,"column":9}},"34":{"start":{"line":65,"column":12},"end":{"line":65,"column":106}},"35":{"start":{"line":66,"column":12},"end":{"line":66,"column":74}},"36":{"start":{"line":69,"column":4},"end":{"line":71,"column":5}},"37":{"start":{"line":70,"column":8},"end":{"line":70,"column":99}},"38":{"start":{"line":74,"column":4},"end":{"line":74,"column":53}},"39":{"start":{"line":75,"column":21},"end":{"line":75,"column":23}},"40":{"start":{"line":76,"column":28},"end":{"line":76,"column":100}},"41":{"start":{"line":77,"column":25},"end":{"line":77,"column":51}},"42":{"start":{"line":78,"column":4},"end":{"line":78,"column":85}},"43":{"start":{"line":79,"column":4},"end":{"line":79,"column":51}},"44":{"start":{"line":80,"column":4},"end":{"line":80,"column":84}},"45":{"start":{"line":81,"column":4},"end":{"line":81,"column":136}},"46":{"start":{"line":82,"column":4},"end":{"line":85,"column":5}},"47":{"start":{"line":83,"column":21},"end":{"line":83,"column":37}},"48":{"start":{"line":84,"column":8},"end":{"line":84,"column":131}},"49":{"start":{"line":95,"column":29},"end":{"line":97,"column":1}},"50":{"start":{"line":96,"column":4},"end":{"line":96,"column":91}},"51":{"start":{"line":98,"column":0},"end":{"line":98,"column":52}}},"fnMap":{"0":{"name":"(anonymous_0)","decl":{"start":{"line":16,"column":15},"end":{"line":16,"column":16}},"loc":{"start":{"line":16,"column":35},"end":{"line":24,"column":1}},"line":16},"1":{"name":"(anonymous_1)","decl":{"start":{"line":17,"column":11},"end":{"line":17,"column":12}},"loc":{"start":{"line":17,"column":59},"end":{"line":23,"column":5}},"line":17},"2":{"name":"(anonymous_2)","decl":{"start":{"line":36,"column":18},"end":{"line":36,"column":19}},"loc":{"start":{"line":36,"column":77},"end":{"line":55,"column":1}},"line":36},"3":{"name":"(anonymous_3)","decl":{"start":{"line":47,"column":11},"end":{"line":47,"column":12}},"loc":{"start":{"line":47,"column":60},"end":{"line":54,"column":5}},"line":47},"4":{"name":"applyPolicyForClassLevel","decl":{"start":{"line":57,"column":9},"end":{"line":57,"column":33}},"loc":{"start":{"line":57,"column":90},"end":{"line":72,"column":1}},"line":57},"5":{"name":"(anonymous_5)","decl":{"start":{"line":60,"column":22},"end":{"line":60,"column":23}},"loc":{"start":{"line":60,"column":40},"end":{"line":68,"column":5}},"line":60},"6":{"name":"applyPolicy","decl":{"start":{"line":73,"column":9},"end":{"line":73,"column":20}},"loc":{"start":{"line":73,"column":102},"end":{"line":86,"column":1}},"line":73},"7":{"name":"(anonymous_7)","decl":{"start":{"line":95,"column":29},"end":{"line":95,"column":30}},"loc":{"start":{"line":95,"column":80},"end":{"line":97,"column":1}},"line":95}},"branchMap":{"0":{"loc":{"start":{"line":18,"column":8},"end":{"line":20,"column":9}},"type":"if","locations":[{"start":{"line":18,"column":8},"end":{"line":20,"column":9}},{"start":{"line":18,"column":8},"end":{"line":20,"column":9}}],"line":18},"1":{"loc":{"start":{"line":21,"column":19},"end":{"line":21,"column":67}},"type":"binary-expr","locations":[{"start":{"line":21,"column":19},"end":{"line":21,"column":27}},{"start":{"line":21,"column":31},"end":{"line":21,"column":67}}],"line":21},"2":{"loc":{"start":{"line":36,"column":36},"end":{"line":36,"column":60}},"type":"default-arg","locations":[{"start":{"line":36,"column":57},"end":{"line":36,"column":60}}],"line":36},"3":{"loc":{"start":{"line":39,"column":4},"end":{"line":46,"column":5}},"type":"if","locations":[{"start":{"line":39,"column":4},"end":{"line":46,"column":5}},{"start":{"line":39,"column":4},"end":{"line":46,"column":5}}],"line":39},"4":{"loc":{"start":{"line":40,"column":19},"end":{"line":40,"column":74}},"type":"binary-expr","locations":[{"start":{"line":40,"column":19},"end":{"line":40,"column":30}},{"start":{"line":40,"column":34},"end":{"line":40,"column":74}}],"line":40},"5":{"loc":{"start":{"line":41,"column":8},"end":{"line":42,"column":101}},"type":"if","locations":[{"start":{"line":41,"column":8},"end":{"line":42,"column":101}},{"start":{"line":41,"column":8},"end":{"line":42,"column":101}}],"line":41},"6":{"loc":{"start":{"line":48,"column":8},"end":{"line":53,"column":9}},"type":"if","locations":[{"start":{"line":48,"column":8},"end":{"line":53,"column":9}},{"start":{"line":48,"column":8},"end":{"line":53,"column":9}}],"line":48},"7":{"loc":{"start":{"line":48,"column":12},"end":{"line":48,"column":37}},"type":"binary-expr","locations":[{"start":{"line":48,"column":12},"end":{"line":48,"column":23}},{"start":{"line":48,"column":27},"end":{"line":48,"column":37}}],"line":48},"8":{"loc":{"start":{"line":61,"column":8},"end":{"line":62,"column":19}},"type":"if","locations":[{"start":{"line":61,"column":8},"end":{"line":62,"column":19}},{"start":{"line":61,"column":8},"end":{"line":62,"column":19}}],"line":61},"9":{"loc":{"start":{"line":61,"column":12},"end":{"line":61,"column":74}},"type":"binary-expr","locations":[{"start":{"line":61,"column":12},"end":{"line":61,"column":42}},{"start":{"line":61,"column":46},"end":{"line":61,"column":74}}],"line":61},"10":{"loc":{"start":{"line":64,"column":8},"end":{"line":67,"column":9}},"type":"if","locations":[{"start":{"line":64,"column":8},"end":{"line":67,"column":9}},{"start":{"line":64,"column":8},"end":{"line":67,"column":9}}],"line":64},"11":{"loc":{"start":{"line":64,"column":12},"end":{"line":64,"column":63}},"type":"binary-expr","locations":[{"start":{"line":64,"column":12},"end":{"line":64,"column":22}},{"start":{"line":64,"column":26},"end":{"line":64,"column":63}}],"line":64},"12":{"loc":{"start":{"line":69,"column":4},"end":{"line":71,"column":5}},"type":"if","locations":[{"start":{"line":69,"column":4},"end":{"line":71,"column":5}},{"start":{"line":69,"column":4},"end":{"line":71,"column":5}}],"line":69},"13":{"loc":{"start":{"line":74,"column":18},"end":{"line":74,"column":52}},"type":"cond-expr","locations":[{"start":{"line":74,"column":34},"end":{"line":74,"column":45}},{"start":{"line":74,"column":48},"end":{"line":74,"column":52}}],"line":74},"14":{"loc":{"start":{"line":76,"column":28},"end":{"line":76,"column":100}},"type":"binary-expr","locations":[{"start":{"line":76,"column":28},"end":{"line":76,"column":94}},{"start":{"line":76,"column":98},"end":{"line":76,"column":100}}],"line":76},"15":{"loc":{"start":{"line":82,"column":4},"end":{"line":85,"column":5}},"type":"if","locations":[{"start":{"line":82,"column":4},"end":{"line":85,"column":5}},{"start":{"line":82,"column":4},"end":{"line":85,"column":5}}],"line":82},"16":{"loc":{"start":{"line":95,"column":39},"end":{"line":95,"column":63}},"type":"default-arg","locations":[{"start":{"line":95,"column":60},"end":{"line":95,"column":63}}],"line":95}},"s":{"0":4,"1":4,"2":4,"3":4,"4":4,"5":4,"6":4,"7":4,"8":4,"9":4,"10":4,"11":0,"12":4,"13":4,"14":4,"15":4,"16":8,"17":8,"18":0,"19":0,"20":0,"21":8,"22":8,"23":8,"24":6,"25":2,"26":4,"27":4,"28":4,"29":4,"30":12,"31":4,"32":8,"33":8,"34":4,"35":4,"36":4,"37":2,"38":10,"39":10,"40":10,"41":10,"42":10,"43":10,"44":10,"45":10,"46":10,"47":8,"48":8,"49":4,"50":8,"51":4},"f":{"0":4,"1":4,"2":8,"3":8,"4":4,"5":12,"6":10,"7":8},"b":{"0":[0,4],"1":[4,4],"2":[0],"3":[0,8],"4":[0,0],"5":[0,0],"6":[6,2],"7":[8,6],"8":[4,8],"9":[12,10],"10":[4,4],"11":[8,8],"12":[2,2],"13":[10,0],"14":[10,8],"15":[8,2],"16":[0]},"_coverageSchema":"332fd63041d2c1bcb487cc26dd0d5f7d97098a6c","hash":"4dbca3f642ce64329ab7b4376be7c2b483f34282"}
,"C:\\Users\\Orel Balilti\\Documents\\Projects\\Sugoi\\core\\dist\\policies\\exceptions\\policy-error.exception.js": {"path":"C:\\Users\\Orel Balilti\\Documents\\Projects\\Sugoi\\core\\dist\\policies\\exceptions\\policy-error.exception.js","statementMap":{"0":{"start":{"line":2,"column":0},"end":{"line":2,"column":62}},"1":{"start":{"line":3,"column":35},"end":{"line":3,"column":87}},"2":{"start":{"line":6,"column":0},"end":{"line":6,"column":44}}},"fnMap":{},"branchMap":{},"s":{"0":4,"1":4,"2":4},"f":{},"b":{},"_coverageSchema":"332fd63041d2c1bcb487cc26dd0d5f7d97098a6c","hash":"38ec1f0f585cbac2a77171792c352bb2d23dd253"}
,"C:\\Users\\Orel Balilti\\Documents\\Projects\\Sugoi\\core\\dist\\policies\\utils\\string.util.js": {"path":"C:\\Users\\Orel Balilti\\Documents\\Projects\\Sugoi\\core\\dist\\policies\\utils\\string.util.js","statementMap":{"0":{"start":{"line":2,"column":0},"end":{"line":2,"column":62}},"1":{"start":{"line":6,"column":12},"end":{"line":8,"column":30}},"2":{"start":{"line":10,"column":8},"end":{"line":11,"column":84}},"3":{"start":{"line":14,"column":0},"end":{"line":14,"column":34}}},"fnMap":{"0":{"name":"(anonymous_0)","decl":{"start":{"line":4,"column":4},"end":{"line":4,"column":5}},"loc":{"start":{"line":4,"column":26},"end":{"line":12,"column":5}},"line":4},"1":{"name":"uidGenerator","decl":{"start":{"line":5,"column":17},"end":{"line":5,"column":29}},"loc":{"start":{"line":5,"column":32},"end":{"line":9,"column":9}},"line":5}},"branchMap":{},"s":{"0":4,"1":8064,"2":1008,"3":4},"f":{"0":1008,"1":8064},"b":{},"_coverageSchema":"332fd63041d2c1bcb487cc26dd0d5f7d97098a6c","hash":"0c4bd1ee28fcaaff0e51519ca7f709f46305ac0b"}
,"C:\\Users\\Orel Balilti\\Documents\\Projects\\Sugoi\\core\\dist\\policies\\utils\\validate-schema.util.js": {"path":"C:\\Users\\Orel Balilti\\Documents\\Projects\\Sugoi\\core\\dist\\policies\\utils\\validate-schema.util.js","statementMap":{"0":{"start":{"line":2,"column":17},"end":{"line":7,"column":1}},"1":{"start":{"line":3,"column":12},"end":{"line":3,"column":28}},"2":{"start":{"line":3,"column":34},"end":{"line":3,"column":125}},"3":{"start":{"line":4,"column":4},"end":{"line":5,"column":150}},"4":{"start":{"line":4,"column":79},"end":{"line":4,"column":131}},"5":{"start":{"line":5,"column":9},"end":{"line":5,"column":150}},"6":{"start":{"line":5,"column":58},"end":{"line":5,"column":150}},"7":{"start":{"line":5,"column":81},"end":{"line":5,"column":150}},"8":{"start":{"line":6,"column":4},"end":{"line":6,"column":66}},"9":{"start":{"line":8,"column":17},"end":{"line":10,"column":1}},"10":{"start":{"line":9,"column":4},"end":{"line":9,"column":109}},"11":{"start":{"line":9,"column":79},"end":{"line":9,"column":109}},"12":{"start":{"line":11,"column":0},"end":{"line":11,"column":62}},"13":{"start":{"line":12,"column":40},"end":{"line":12,"column":91}},"14":{"start":{"line":13,"column":27},"end":{"line":13,"column":68}},"15":{"start":{"line":17,"column":8},"end":{"line":29,"column":9}},"16":{"start":{"line":18,"column":26},"end":{"line":18,"column":77}},"17":{"start":{"line":19,"column":24},"end":{"line":21,"column":22}},"18":{"start":{"line":22,"column":12},"end":{"line":24,"column":13}},"19":{"start":{"line":23,"column":16},"end":{"line":23,"column":84}},"20":{"start":{"line":25,"column":12},"end":{"line":25,"column":85}},"21":{"start":{"line":26,"column":12},"end":{"line":28,"column":13}},"22":{"start":{"line":27,"column":16},"end":{"line":27,"column":22}},"23":{"start":{"line":30,"column":8},"end":{"line":30,"column":64}},"24":{"start":{"line":33,"column":26},"end":{"line":33,"column":98}},"25":{"start":{"line":34,"column":8},"end":{"line":34,"column":36}},"26":{"start":{"line":37,"column":0},"end":{"line":42,"column":45}},"27":{"start":{"line":43,"column":0},"end":{"line":43,"column":48}},"28":{"start":{"line":44,"column":21},"end":{"line":44,"column":52}},"29":{"start":{"line":45,"column":0},"end":{"line":45,"column":36}}},"fnMap":{"0":{"name":"(anonymous_0)","decl":{"start":{"line":2,"column":46},"end":{"line":2,"column":47}},"loc":{"start":{"line":2,"column":87},"end":{"line":7,"column":1}},"line":2},"1":{"name":"(anonymous_1)","decl":{"start":{"line":8,"column":46},"end":{"line":8,"column":47}},"loc":{"start":{"line":8,"column":62},"end":{"line":10,"column":1}},"line":8},"2":{"name":"(anonymous_2)","decl":{"start":{"line":15,"column":4},"end":{"line":15,"column":5}},"loc":{"start":{"line":15,"column":36},"end":{"line":31,"column":5}},"line":15},"3":{"name":"(anonymous_3)","decl":{"start":{"line":32,"column":4},"end":{"line":32,"column":5}},"loc":{"start":{"line":32,"column":41},"end":{"line":35,"column":5}},"line":32}},"branchMap":{"0":{"loc":{"start":{"line":2,"column":17},"end":{"line":7,"column":1}},"type":"binary-expr","locations":[{"start":{"line":2,"column":18},"end":{"line":2,"column":22}},{"start":{"line":2,"column":26},"end":{"line":2,"column":41}},{"start":{"line":2,"column":46},"end":{"line":7,"column":1}}],"line":2},"1":{"loc":{"start":{"line":3,"column":34},"end":{"line":3,"column":125}},"type":"cond-expr","locations":[{"start":{"line":3,"column":42},"end":{"line":3,"column":48}},{"start":{"line":3,"column":51},"end":{"line":3,"column":125}}],"line":3},"2":{"loc":{"start":{"line":3,"column":51},"end":{"line":3,"column":125}},"type":"cond-expr","locations":[{"start":{"line":3,"column":67},"end":{"line":3,"column":118}},{"start":{"line":3,"column":121},"end":{"line":3,"column":125}}],"line":3},"3":{"loc":{"start":{"line":4,"column":4},"end":{"line":5,"column":150}},"type":"if","locations":[{"start":{"line":4,"column":4},"end":{"line":5,"column":150}},{"start":{"line":4,"column":4},"end":{"line":5,"column":150}}],"line":4},"4":{"loc":{"start":{"line":4,"column":8},"end":{"line":4,"column":77}},"type":"binary-expr","locations":[{"start":{"line":4,"column":8},"end":{"line":4,"column":35}},{"start":{"line":4,"column":39},"end":{"line":4,"column":77}}],"line":4},"5":{"loc":{"start":{"line":5,"column":58},"end":{"line":5,"column":150}},"type":"if","locations":[{"start":{"line":5,"column":58},"end":{"line":5,"column":150}},{"start":{"line":5,"column":58},"end":{"line":5,"column":150}}],"line":5},"6":{"loc":{"start":{"line":5,"column":85},"end":{"line":5,"column":149}},"type":"binary-expr","locations":[{"start":{"line":5,"column":86},"end":{"line":5,"column":143}},{"start":{"line":5,"column":148},"end":{"line":5,"column":149}}],"line":5},"7":{"loc":{"start":{"line":5,"column":86},"end":{"line":5,"column":143}},"type":"cond-expr","locations":[{"start":{"line":5,"column":94},"end":{"line":5,"column":98}},{"start":{"line":5,"column":101},"end":{"line":5,"column":143}}],"line":5},"8":{"loc":{"start":{"line":5,"column":101},"end":{"line":5,"column":143}},"type":"cond-expr","locations":[{"start":{"line":5,"column":109},"end":{"line":5,"column":126}},{"start":{"line":5,"column":129},"end":{"line":5,"column":143}}],"line":5},"9":{"loc":{"start":{"line":6,"column":11},"end":{"line":6,"column":62}},"type":"binary-expr","locations":[{"start":{"line":6,"column":11},"end":{"line":6,"column":16}},{"start":{"line":6,"column":20},"end":{"line":6,"column":21}},{"start":{"line":6,"column":25},"end":{"line":6,"column":62}}],"line":6},"10":{"loc":{"start":{"line":8,"column":17},"end":{"line":10,"column":1}},"type":"binary-expr","locations":[{"start":{"line":8,"column":18},"end":{"line":8,"column":22}},{"start":{"line":8,"column":26},"end":{"line":8,"column":41}},{"start":{"line":8,"column":46},"end":{"line":10,"column":1}}],"line":8},"11":{"loc":{"start":{"line":9,"column":4},"end":{"line":9,"column":109}},"type":"if","locations":[{"start":{"line":9,"column":4},"end":{"line":9,"column":109}},{"start":{"line":9,"column":4},"end":{"line":9,"column":109}}],"line":9},"12":{"loc":{"start":{"line":9,"column":8},"end":{"line":9,"column":77}},"type":"binary-expr","locations":[{"start":{"line":9,"column":8},"end":{"line":9,"column":35}},{"start":{"line":9,"column":39},"end":{"line":9,"column":77}}],"line":9},"13":{"loc":{"start":{"line":18,"column":26},"end":{"line":18,"column":77}},"type":"cond-expr","locations":[{"start":{"line":18,"column":60},"end":{"line":18,"column":73}},{"start":{"line":18,"column":76},"end":{"line":18,"column":77}}],"line":18},"14":{"loc":{"start":{"line":19,"column":24},"end":{"line":21,"column":22}},"type":"cond-expr","locations":[{"start":{"line":20,"column":18},"end":{"line":20,"column":48}},{"start":{"line":21,"column":18},"end":{"line":21,"column":22}}],"line":19},"15":{"loc":{"start":{"line":19,"column":24},"end":{"line":19,"column":89}},"type":"binary-expr","locations":[{"start":{"line":19,"column":24},"end":{"line":19,"column":47}},{"start":{"line":19,"column":51},"end":{"line":19,"column":89}}],"line":19},"16":{"loc":{"start":{"line":22,"column":12},"end":{"line":24,"column":13}},"type":"if","locations":[{"start":{"line":22,"column":12},"end":{"line":24,"column":13}},{"start":{"line":22,"column":12},"end":{"line":24,"column":13}}],"line":22},"17":{"loc":{"start":{"line":23,"column":24},"end":{"line":23,"column":83}},"type":"cond-expr","locations":[{"start":{"line":23,"column":56},"end":{"line":23,"column":76}},{"start":{"line":23,"column":79},"end":{"line":23,"column":83}}],"line":23},"18":{"loc":{"start":{"line":23,"column":24},"end":{"line":23,"column":53}},"type":"binary-expr","locations":[{"start":{"line":23,"column":24},"end":{"line":23,"column":29}},{"start":{"line":23,"column":33},"end":{"line":23,"column":53}}],"line":23},"19":{"loc":{"start":{"line":26,"column":12},"end":{"line":28,"column":13}},"type":"if","locations":[{"start":{"line":26,"column":12},"end":{"line":28,"column":13}},{"start":{"line":26,"column":12},"end":{"line":28,"column":13}}],"line":26},"20":{"loc":{"start":{"line":30,"column":15},"end":{"line":30,"column":63}},"type":"cond-expr","locations":[{"start":{"line":30,"column":40},"end":{"line":30,"column":44}},{"start":{"line":30,"column":47},"end":{"line":30,"column":63}}],"line":30}},"s":{"0":4,"1":4,"2":4,"3":4,"4":4,"5":0,"6":0,"7":0,"8":4,"9":4,"10":12,"11":12,"12":4,"13":4,"14":4,"15":19,"16":19,"17":19,"18":19,"19":0,"20":19,"21":19,"22":10,"23":19,"24":19,"25":19,"26":4,"27":4,"28":4,"29":4},"f":{"0":4,"1":12,"2":19,"3":19},"b":{"0":[4,4,4],"1":[0,4],"2":[4,0],"3":[4,0],"4":[4,4],"5":[0,0],"6":[0,0],"7":[0,0],"8":[0,0],"9":[4,4,4],"10":[4,4,4],"11":[12,0],"12":[12,12],"13":[5,14],"14":[17,2],"15":[19,19],"16":[0,19],"17":[0,0],"18":[0,0],"19":[10,9],"20":[9,10]},"_coverageSchema":"332fd63041d2c1bcb487cc26dd0d5f7d97098a6c","hash":"321464193f2a6095e54bd22a5a38b3da72665c1d"}
,"C:\\Users\\Orel Balilti\\Documents\\Projects\\Sugoi\\core\\dist\\services\\container.service.js": {"path":"C:\\Users\\Orel Balilti\\Documents\\Projects\\Sugoi\\core\\dist\\services\\container.service.js","statementMap":{"0":{"start":{"line":2,"column":0},"end":{"line":2,"column":62}},"1":{"start":{"line":3,"column":20},"end":{"line":3,"column":40}},"2":{"start":{"line":6,"column":8},"end":{"line":6,"column":31}},"3":{"start":{"line":9,"column":8},"end":{"line":9,"column":60}},"4":{"start":{"line":10,"column":8},"end":{"line":10,"column":42}},"5":{"start":{"line":13,"column":8},"end":{"line":15,"column":11}},"6":{"start":{"line":14,"column":12},"end":{"line":14,"column":59}},"7":{"start":{"line":16,"column":8},"end":{"line":16,"column":42}},"8":{"start":{"line":19,"column":8},"end":{"line":19,"column":41}},"9":{"start":{"line":22,"column":8},"end":{"line":22,"column":42}},"10":{"start":{"line":25,"column":0},"end":{"line":25,"column":113}},"11":{"start":{"line":26,"column":0},"end":{"line":26,"column":44}}},"fnMap":{"0":{"name":"(anonymous_0)","decl":{"start":{"line":5,"column":4},"end":{"line":5,"column":5}},"loc":{"start":{"line":5,"column":27},"end":{"line":7,"column":5}},"line":5},"1":{"name":"(anonymous_1)","decl":{"start":{"line":8,"column":4},"end":{"line":8,"column":5}},"loc":{"start":{"line":8,"column":33},"end":{"line":11,"column":5}},"line":8},"2":{"name":"(anonymous_2)","decl":{"start":{"line":12,"column":4},"end":{"line":12,"column":5}},"loc":{"start":{"line":12,"column":30},"end":{"line":17,"column":5}},"line":12},"3":{"name":"(anonymous_3)","decl":{"start":{"line":13,"column":22},"end":{"line":13,"column":23}},"loc":{"start":{"line":13,"column":36},"end":{"line":15,"column":9}},"line":13},"4":{"name":"(anonymous_4)","decl":{"start":{"line":18,"column":4},"end":{"line":18,"column":5}},"loc":{"start":{"line":18,"column":25},"end":{"line":20,"column":5}},"line":18},"5":{"name":"(anonymous_5)","decl":{"start":{"line":21,"column":4},"end":{"line":21,"column":5}},"loc":{"start":{"line":21,"column":34},"end":{"line":23,"column":5}},"line":21}},"branchMap":{},"s":{"0":4,"1":4,"2":7,"3":1,"4":1,"5":1,"6":1,"7":1,"8":3,"9":1,"10":4,"11":4},"f":{"0":7,"1":1,"2":1,"3":1,"4":3,"5":1},"b":{},"_coverageSchema":"332fd63041d2c1bcb487cc26dd0d5f7d97098a6c","hash":"484c0797a092201b51410a34b40f8602cbed2c74"}
,"C:\\Users\\Orel Balilti\\Documents\\Projects\\Sugoi\\core\\dist\\utils\\index.js": {"path":"C:\\Users\\Orel Balilti\\Documents\\Projects\\Sugoi\\core\\dist\\utils\\index.js","statementMap":{"0":{"start":{"line":2,"column":0},"end":{"line":2,"column":62}},"1":{"start":{"line":3,"column":23},"end":{"line":3,"column":48}},"2":{"start":{"line":4,"column":0},"end":{"line":4,"column":37}},"3":{"start":{"line":5,"column":13},"end":{"line":5,"column":33}},"4":{"start":{"line":6,"column":0},"end":{"line":6,"column":20}}},"fnMap":{},"branchMap":{},"s":{"0":4,"1":4,"2":4,"3":4,"4":4},"f":{},"b":{},"_coverageSchema":"332fd63041d2c1bcb487cc26dd0d5f7d97098a6c","hash":"e624010db4cdc6246271081306b9b9f3e43a098f"}
,"C:\\Users\\Orel Balilti\\Documents\\Projects\\Sugoi\\core\\dist\\utils\\object.utils.js": {"path":"C:\\Users\\Orel Balilti\\Documents\\Projects\\Sugoi\\core\\dist\\utils\\object.utils.js","statementMap":{"0":{"start":{"line":2,"column":0},"end":{"line":2,"column":62}},"1":{"start":{"line":5,"column":4},"end":{"line":16,"column":5}},"2":{"start":{"line":6,"column":8},"end":{"line":6,"column":34}},"3":{"start":{"line":9,"column":8},"end":{"line":9,"column":43}},"4":{"start":{"line":10,"column":8},"end":{"line":10,"column":58}},"5":{"start":{"line":11,"column":27},"end":{"line":11,"column":83}},"6":{"start":{"line":12,"column":8},"end":{"line":12,"column":38}},"7":{"start":{"line":13,"column":8},"end":{"line":13,"column":36}},"8":{"start":{"line":14,"column":8},"end":{"line":14,"column":67}},"9":{"start":{"line":15,"column":8},"end":{"line":15,"column":60}},"10":{"start":{"line":17,"column":4},"end":{"line":17,"column":34}},"11":{"start":{"line":18,"column":4},"end":{"line":18,"column":20}},"12":{"start":{"line":20,"column":0},"end":{"line":20,"column":22}}},"fnMap":{"0":{"name":"clone","decl":{"start":{"line":3,"column":9},"end":{"line":3,"column":14}},"loc":{"start":{"line":3,"column":57},"end":{"line":19,"column":1}},"line":3}},"branchMap":{"0":{"loc":{"start":{"line":3,"column":31},"end":{"line":3,"column":55}},"type":"default-arg","locations":[{"start":{"line":3,"column":50},"end":{"line":3,"column":55}}],"line":3},"1":{"loc":{"start":{"line":5,"column":4},"end":{"line":16,"column":5}},"type":"if","locations":[{"start":{"line":5,"column":4},"end":{"line":16,"column":5}},{"start":{"line":5,"column":4},"end":{"line":16,"column":5}}],"line":5}},"s":{"0":4,"1":2,"2":1,"3":1,"4":1,"5":1,"6":1,"7":1,"8":1,"9":1,"10":2,"11":2,"12":4},"f":{"0":2},"b":{"0":[1],"1":[1,1]},"_coverageSchema":"332fd63041d2c1bcb487cc26dd0d5f7d97098a6c","hash":"d215781caefbf19dcae38b79f3010abd5374d3b3"}
}
