TN:
SF:C:\Users\Orel Balilti\Documents\Projects\Sugoi\core\dist\index.js
FN:2,__export
FNF:1
FNH:1
FNDA:16,__export
DA:3,104
DA:5,4
DA:6,4
DA:7,4
DA:8,4
DA:9,4
DA:10,4
DA:11,4
DA:12,4
DA:13,4
DA:14,4
DA:15,4
DA:16,4
DA:17,4
DA:18,4
DA:19,4
DA:20,4
LF:17
LH:17
BRDA:3,0,0,104
BRDA:3,0,1,0
BRF:2
BRH:1
end_of_record
TN:
SF:C:\Users\Orel Balilti\Documents\Projects\Sugoi\core\dist\__tests__\classes\dummy.class.js
FN:2,(anonymous_0)
FN:8,(anonymous_1)
FN:15,(anonymous_2)
FN:18,(anonymous_3)
FN:22,(anonymous_4)
FNF:5
FNH:5
FNDA:4,(anonymous_0)
FNDA:6,(anonymous_1)
FNDA:3,(anonymous_2)
FNDA:1,(anonymous_3)
FNDA:2,(anonymous_4)
DA:2,2
DA:3,4
DA:4,4
DA:5,0
DA:6,4
DA:8,2
DA:9,6
DA:11,2
DA:12,2
DA:13,2
DA:14,2
DA:16,3
DA:19,1
DA:20,1
DA:23,2
DA:24,2
DA:27,2
DA:36,2
DA:43,2
LF:19
LH:18
BRDA:2,0,0,2
BRDA:2,0,1,2
BRDA:2,0,2,2
BRDA:3,1,0,2
BRDA:3,1,1,2
BRDA:3,2,0,2
BRDA:3,2,1,0
BRDA:4,3,0,4
BRDA:4,3,1,0
BRDA:4,4,0,4
BRDA:4,4,1,4
BRDA:5,5,0,0
BRDA:5,5,1,0
BRDA:5,6,0,0
BRDA:5,6,1,0
BRDA:5,7,0,0
BRDA:5,7,1,0
BRDA:5,8,0,0
BRDA:5,8,1,0
BRDA:6,9,0,4
BRDA:6,9,1,2
BRDA:6,9,2,2
BRDA:8,10,0,2
BRDA:8,10,1,2
BRDA:8,10,2,2
BRDA:9,11,0,6
BRDA:9,11,1,0
BRDA:9,12,0,6
BRDA:9,12,1,6
BRF:29
BRH:18
end_of_record
TN:
SF:C:\Users\Orel Balilti\Documents\Projects\Sugoi\core\dist\__tests__\classes\nested-policy-check.class.js
FN:2,(anonymous_0)
FN:8,(anonymous_1)
FN:18,(anonymous_2)
FNF:3
FNH:3
FNDA:2,(anonymous_0)
FNDA:3,(anonymous_1)
FNDA:2,(anonymous_2)
DA:2,1
DA:3,2
DA:4,2
DA:5,0
DA:6,2
DA:8,1
DA:9,3
DA:11,1
DA:12,1
DA:14,1
DA:17,1
DA:19,2
DA:22,1
DA:28,1
DA:31,1
LF:15
LH:14
BRDA:2,0,0,1
BRDA:2,0,1,1
BRDA:2,0,2,1
BRDA:3,1,0,1
BRDA:3,1,1,1
BRDA:3,2,0,1
BRDA:3,2,1,0
BRDA:4,3,0,2
BRDA:4,3,1,0
BRDA:4,4,0,2
BRDA:4,4,1,2
BRDA:5,5,0,0
BRDA:5,5,1,0
BRDA:5,6,0,0
BRDA:5,6,1,0
BRDA:5,7,0,0
BRDA:5,7,1,0
BRDA:5,8,0,0
BRDA:5,8,1,0
BRDA:6,9,0,2
BRDA:6,9,1,1
BRDA:6,9,2,1
BRDA:8,10,0,1
BRDA:8,10,1,1
BRDA:8,10,2,1
BRDA:9,11,0,3
BRDA:9,11,1,0
BRDA:9,12,0,3
BRDA:9,12,1,3
BRF:29
BRH:18
end_of_record
TN:
SF:C:\Users\Orel Balilti\Documents\Projects\Sugoi\core\dist\__tests__\classes\policy-check.class.js
FN:2,(anonymous_0)
FN:8,(anonymous_1)
FN:24,(anonymous_2)
FN:27,(anonymous_3)
FN:30,(anonymous_4)
FNF:5
FNH:5
FNDA:9,(anonymous_0)
FNDA:18,(anonymous_1)
FNDA:4,(anonymous_2)
FNDA:2,(anonymous_3)
FNDA:3,(anonymous_4)
DA:2,3
DA:3,9
DA:4,9
DA:5,0
DA:6,9
DA:8,3
DA:9,18
DA:11,3
DA:12,3
DA:13,3
DA:15,3
DA:23,3
DA:25,4
DA:28,2
DA:31,3
DA:34,3
DA:40,3
DA:46,3
DA:49,3
LF:19
LH:18
BRDA:2,0,0,3
BRDA:2,0,1,3
BRDA:2,0,2,3
BRDA:3,1,0,3
BRDA:3,1,1,6
BRDA:3,2,0,6
BRDA:3,2,1,0
BRDA:4,3,0,9
BRDA:4,3,1,0
BRDA:4,4,0,9
BRDA:4,4,1,9
BRDA:5,5,0,0
BRDA:5,5,1,0
BRDA:5,6,0,0
BRDA:5,6,1,0
BRDA:5,7,0,0
BRDA:5,7,1,0
BRDA:5,8,0,0
BRDA:5,8,1,0
BRDA:6,9,0,9
BRDA:6,9,1,6
BRDA:6,9,2,6
BRDA:8,10,0,3
BRDA:8,10,1,3
BRDA:8,10,2,3
BRDA:9,11,0,18
BRDA:9,11,1,0
BRDA:9,12,0,18
BRDA:9,12,1,18
BRF:29
BRH:18
end_of_record
TN:
SF:C:\Users\Orel Balilti\Documents\Projects\Sugoi\core\dist\constants\exceptions.constant.js
FNF:0
FNH:0
DA:2,4
DA:3,4
LF:2
LH:2
BRF:0
BRH:0
end_of_record
TN:
SF:C:\Users\Orel Balilti\Documents\Projects\Sugoi\core\dist\decorators\deprecated.decorator.js
FN:3,Deprecated
FN:4,(anonymous_1)
FNF:2
FNH:2
FNDA:3,Deprecated
FNDA:3,(anonymous_1)
DA:2,4
DA:4,3
DA:5,3
DA:8,4
LF:4
LH:4
BRDA:3,0,0,3
BRF:1
BRH:1
end_of_record
TN:
SF:C:\Users\Orel Balilti\Documents\Projects\Sugoi\core\dist\decorators\index.js
FNF:0
FNH:0
DA:2,4
DA:3,4
DA:4,4
DA:5,4
DA:6,4
LF:5
LH:5
BRF:0
BRH:0
end_of_record
TN:
SF:C:\Users\Orel Balilti\Documents\Projects\Sugoi\core\dist\decorators\iterable.decorator.js
FN:3,Iterable
FN:4,(anonymous_1)
FN:6,(anonymous_2)
FNF:3
FNH:3
FNDA:2,Iterable
FNDA:2,(anonymous_1)
FNDA:1,(anonymous_2)
DA:2,4
DA:4,2
DA:5,2
DA:7,1
DA:8,3
DA:14,4
LF:6
LH:6
BRF:0
BRH:0
end_of_record
TN:
SF:C:\Users\Orel Balilti\Documents\Projects\Sugoi\core\dist\exceptions\generic.exception.js
FN:5,(anonymous_0)
FNF:1
FNH:1
FNDA:1,(anonymous_0)
DA:2,5
DA:3,5
DA:6,1
DA:9,5
LF:4
LH:4
BRDA:5,0,0,0
BRF:1
BRH:0
end_of_record
TN:
SF:C:\Users\Orel Balilti\Documents\Projects\Sugoi\core\dist\exceptions\sugoi-abstract.exception.js
FN:4,(anonymous_0)
FN:15,(anonymous_1)
FN:18,(anonymous_2)
FN:21,(anonymous_3)
FN:24,(anonymous_4)
FN:27,(anonymous_5)
FN:30,(anonymous_6)
FNF:7
FNH:6
FNDA:11,(anonymous_0)
FNDA:1,(anonymous_1)
FNDA:1,(anonymous_2)
FNDA:1,(anonymous_3)
FNDA:1,(anonymous_4)
FNDA:0,(anonymous_5)
FNDA:11,(anonymous_6)
DA:2,5
DA:5,11
DA:6,11
DA:7,11
DA:8,11
DA:9,11
DA:11,11
DA:12,11
DA:13,11
DA:16,1
DA:19,1
DA:22,1
DA:25,1
DA:28,0
DA:31,11
DA:32,11
DA:35,5
LF:17
LH:16
BRDA:4,0,0,0
BRDA:8,1,0,11
BRDA:8,1,1,0
BRDA:31,2,0,11
BRDA:31,2,1,0
BRF:5
BRH:2
end_of_record
TN:
SF:C:\Users\Orel Balilti\Documents\Projects\Sugoi\core\dist\inversify\index.js
FNF:0
FNH:0
DA:2,4
DA:3,4
DA:4,4
DA:5,4
DA:6,4
DA:7,4
DA:8,4
DA:9,4
DA:10,4
DA:11,4
DA:12,4
DA:13,4
DA:14,4
DA:15,4
DA:16,4
DA:17,4
DA:18,4
DA:19,4
DA:20,4
DA:21,4
DA:22,4
LF:21
LH:21
BRF:0
BRH:0
end_of_record
TN:
SF:C:\Users\Orel Balilti\Documents\Projects\Sugoi\core\dist\policies\index.js
FNF:0
FNH:0
DA:2,4
DA:3,4
DA:4,4
DA:5,4
DA:6,4
DA:7,4
DA:8,4
DA:9,4
DA:10,4
DA:11,4
DA:12,4
DA:13,4
DA:14,4
DA:15,4
LF:14
LH:14
BRF:0
BRH:0
end_of_record
TN:
SF:C:\Users\Orel Balilti\Documents\Projects\Sugoi\core\dist\policies\classes\comparable-schema.class.js
FN:4,(anonymous_0)
FN:9,(anonymous_1)
FN:12,(anonymous_2)
FN:16,(anonymous_3)
FN:21,(anonymous_4)
FN:25,(anonymous_5)
FN:29,(anonymous_6)
FN:33,(anonymous_7)
FN:37,(anonymous_8)
FNF:9
FNH:9
FNDA:15,(anonymous_0)
FNDA:15,(anonymous_1)
FNDA:6,(anonymous_2)
FNDA:2,(anonymous_3)
FNDA:2,(anonymous_4)
FNDA:3,(anonymous_5)
FNDA:2,(anonymous_6)
FNDA:3,(anonymous_7)
FNDA:3,(anonymous_8)
DA:2,4
DA:5,15
DA:6,15
DA:7,15
DA:10,15
DA:13,6
DA:14,6
DA:17,2
DA:18,2
DA:19,2
DA:22,2
DA:23,2
DA:26,3
DA:27,3
DA:30,2
DA:31,2
DA:34,3
DA:35,3
DA:38,3
DA:39,3
DA:42,4
LF:21
LH:21
BRDA:18,0,0,2
BRDA:18,0,1,2
BRF:2
BRH:2
end_of_record
TN:
SF:C:\Users\Orel Balilti\Documents\Projects\Sugoi\core\dist\policies\classes\policy-item.class.js
FN:7,(anonymous_0)
FN:11,(anonymous_1)
FN:14,(anonymous_2)
FN:17,(anonymous_3)
FN:20,(anonymous_4)
FN:23,(anonymous_5)
FN:24,(anonymous_6)
FN:37,(anonymous_7)
FN:45,(anonymous_8)
FN:48,(anonymous_9)
FN:53,(anonymous_10)
FN:54,(anonymous_11)
FNF:12
FNH:10
FNDA:4,(anonymous_0)
FNDA:4,(anonymous_1)
FNDA:19,(anonymous_2)
FNDA:0,(anonymous_3)
FNDA:0,(anonymous_4)
FNDA:8,(anonymous_5)
FNDA:17,(anonymous_6)
FNDA:19,(anonymous_7)
FNDA:7,(anonymous_8)
FNDA:10,(anonymous_9)
FNDA:4,(anonymous_10)
FNDA:19,(anonymous_11)
DA:2,4
DA:3,4
DA:4,4
DA:5,4
DA:8,4
DA:9,4
DA:12,4
DA:15,19
DA:18,0
DA:21,0
DA:24,8
DA:25,17
DA:26,17
DA:27,17
DA:28,17
DA:29,19
DA:30,19
DA:31,19
DA:32,0
DA:33,0
DA:35,19
DA:36,19
DA:38,19
DA:39,10
DA:42,19
DA:44,17
DA:46,7
DA:49,10
DA:54,4
DA:55,19
DA:56,19
DA:57,0
DA:59,19
DA:63,4
DA:64,4
LF:35
LH:30
BRDA:7,0,0,0
BRDA:26,1,0,17
BRDA:26,1,1,0
BRDA:31,2,0,0
BRDA:31,2,1,19
BRDA:38,3,0,10
BRDA:38,3,1,9
BRDA:39,4,0,10
BRDA:39,4,1,8
BRDA:56,5,0,0
BRDA:56,5,1,19
BRF:11
BRH:7
end_of_record
TN:
SF:C:\Users\Orel Balilti\Documents\Projects\Sugoi\core\dist\policies\classes\policy-schema-validator.class.js
FN:6,(anonymous_0)
FN:10,(anonymous_1)
FN:19,(anonymous_2)
FN:37,(anonymous_3)
FN:45,(anonymous_4)
FN:56,(anonymous_5)
FN:73,(anonymous_6)
FN:90,(anonymous_7)
FN:98,(anonymous_8)
FNF:9
FNH:9
FNDA:19,(anonymous_0)
FNDA:19,(anonymous_1)
FNDA:46,(anonymous_2)
FNDA:25,(anonymous_3)
FNDA:2,(anonymous_4)
FNDA:23,(anonymous_5)
FNDA:13,(anonymous_6)
FNDA:7,(anonymous_7)
FNDA:3,(anonymous_8)
DA:2,4
DA:3,4
DA:4,4
DA:7,19
DA:8,19
DA:11,19
DA:16,19
DA:17,19
DA:24,46
DA:25,46
DA:26,46
DA:27,7
DA:29,39
DA:30,25
DA:31,23
DA:33,2
DA:34,25
DA:37,14
DA:38,25
DA:39,25
DA:40,25
DA:41,2
DA:42,1
DA:45,2
DA:49,23
DA:51,25
DA:54,21
DA:57,23
DA:58,0
DA:59,23
DA:60,23
DA:62,13
DA:63,13
DA:65,7
DA:66,7
DA:68,3
DA:69,3
DA:71,23
DA:74,13
DA:75,13
DA:76,13
DA:77,8
DA:79,13
DA:80,2
DA:82,13
DA:83,7
DA:85,13
DA:86,2
DA:88,13
DA:91,7
DA:92,7
DA:93,1
DA:94,6
DA:95,6
DA:96,6
DA:100,3
DA:101,3
DA:104,0
DA:106,3
DA:109,4
LF:60
LH:58
BRDA:19,0,0,0
BRDA:26,1,0,7
BRDA:26,1,1,39
BRDA:27,2,0,7
BRDA:27,2,1,7
BRDA:29,3,0,25
BRDA:29,3,1,14
BRDA:30,4,0,23
BRDA:30,4,1,2
BRDA:40,5,0,2
BRDA:40,5,1,23
BRDA:41,6,0,1
BRDA:41,6,1,1
BRDA:57,7,0,0
BRDA:57,7,1,23
BRDA:60,8,0,13
BRDA:60,8,1,7
BRDA:60,8,2,3
BRDA:74,9,0,13
BRDA:74,9,1,11
BRDA:76,10,0,8
BRDA:76,10,1,5
BRDA:76,11,0,13
BRDA:76,11,1,11
BRDA:77,12,0,8
BRDA:77,12,1,8
BRDA:79,13,0,2
BRDA:79,13,1,11
BRDA:79,14,0,13
BRDA:79,14,1,10
BRDA:80,15,0,2
BRDA:80,15,1,2
BRDA:82,16,0,7
BRDA:82,16,1,6
BRDA:82,17,0,13
BRDA:82,17,1,10
BRDA:83,18,0,7
BRDA:83,18,1,7
BRDA:85,19,0,2
BRDA:85,19,1,11
BRDA:85,20,0,13
BRDA:85,20,1,9
BRDA:86,21,0,2
BRDA:86,21,1,2
BRDA:92,22,0,1
BRDA:92,22,1,6
BRDA:94,23,0,6
BRDA:94,23,1,6
BRDA:95,24,0,6
BRDA:95,24,1,6
BRF:50
BRH:48
end_of_record
TN:
SF:C:\Users\Orel Balilti\Documents\Projects\Sugoi\core\dist\policies\constants\schema-types.enum.js
FN:4,(anonymous_0)
FNF:1
FNH:1
FNDA:4,(anonymous_0)
DA:2,4
DA:4,4
DA:5,4
DA:6,4
DA:7,4
LF:5
LH:5
BRDA:8,0,0,4
BRDA:8,0,1,4
BRF:2
BRH:2
end_of_record
TN:
SF:C:\Users\Orel Balilti\Documents\Projects\Sugoi\core\dist\policies\decorators\policy.decorator.js
FN:16,(anonymous_0)
FN:17,(anonymous_1)
FN:36,(anonymous_2)
FN:47,(anonymous_3)
FN:57,applyPolicyForClassLevel
FN:60,(anonymous_5)
FN:73,applyPolicy
FN:95,(anonymous_7)
FNF:8
FNH:8
FNDA:4,(anonymous_0)
FNDA:4,(anonymous_1)
FNDA:8,(anonymous_2)
FNDA:8,(anonymous_3)
FNDA:4,applyPolicyForClassLevel
FNDA:12,(anonymous_5)
FNDA:10,applyPolicy
FNDA:8,(anonymous_7)
DA:2,4
DA:3,4
DA:4,4
DA:5,4
DA:6,4
DA:7,4
DA:8,4
DA:9,4
DA:16,4
DA:17,4
DA:18,4
DA:19,0
DA:21,4
DA:22,4
DA:25,4
DA:36,4
DA:38,8
DA:39,8
DA:40,0
DA:41,0
DA:42,0
DA:45,8
DA:47,8
DA:48,8
DA:49,6
DA:52,2
DA:56,4
DA:58,4
DA:59,4
DA:60,4
DA:61,12
DA:62,4
DA:63,8
DA:64,8
DA:65,4
DA:66,4
DA:69,4
DA:70,2
DA:74,10
DA:75,10
DA:76,10
DA:77,10
DA:78,10
DA:79,10
DA:80,10
DA:81,10
DA:82,10
DA:83,8
DA:84,8
DA:95,4
DA:96,8
DA:98,4
LF:52
LH:48
BRDA:18,0,0,0
BRDA:18,0,1,4
BRDA:21,1,0,4
BRDA:21,1,1,4
BRDA:36,2,0,0
BRDA:39,3,0,0
BRDA:39,3,1,8
BRDA:40,4,0,0
BRDA:40,4,1,0
BRDA:41,5,0,0
BRDA:41,5,1,0
BRDA:48,6,0,6
BRDA:48,6,1,2
BRDA:48,7,0,8
BRDA:48,7,1,6
BRDA:61,8,0,4
BRDA:61,8,1,8
BRDA:61,9,0,12
BRDA:61,9,1,10
BRDA:64,10,0,4
BRDA:64,10,1,4
BRDA:64,11,0,8
BRDA:64,11,1,8
BRDA:69,12,0,2
BRDA:69,12,1,2
BRDA:74,13,0,10
BRDA:74,13,1,0
BRDA:76,14,0,10
BRDA:76,14,1,8
BRDA:82,15,0,8
BRDA:82,15,1,2
BRDA:95,16,0,0
BRF:32
BRH:23
end_of_record
TN:
SF:C:\Users\Orel Balilti\Documents\Projects\Sugoi\core\dist\policies\exceptions\policy-error.exception.js
FNF:0
FNH:0
DA:2,4
DA:3,4
DA:6,4
LF:3
LH:3
BRF:0
BRH:0
end_of_record
TN:
SF:C:\Users\Orel Balilti\Documents\Projects\Sugoi\core\dist\policies\utils\string.util.js
FN:4,(anonymous_0)
FN:5,uidGenerator
FNF:2
FNH:2
FNDA:1008,(anonymous_0)
FNDA:8064,uidGenerator
DA:2,4
DA:6,8064
DA:10,1008
DA:14,4
LF:4
LH:4
BRF:0
BRH:0
end_of_record
TN:
SF:C:\Users\Orel Balilti\Documents\Projects\Sugoi\core\dist\policies\utils\validate-schema.util.js
FN:2,(anonymous_0)
FN:8,(anonymous_1)
FN:15,(anonymous_2)
FN:32,(anonymous_3)
FNF:4
FNH:4
FNDA:4,(anonymous_0)
FNDA:12,(anonymous_1)
FNDA:19,(anonymous_2)
FNDA:19,(anonymous_3)
DA:2,4
DA:3,4
DA:4,4
DA:5,0
DA:6,4
DA:8,4
DA:9,12
DA:11,4
DA:12,4
DA:13,4
DA:17,19
DA:18,19
DA:19,19
DA:22,19
DA:23,0
DA:25,19
DA:26,19
DA:27,10
DA:30,19
DA:33,19
DA:34,19
DA:37,4
DA:43,4
DA:44,4
DA:45,4
LF:25
LH:23
BRDA:2,0,0,4
BRDA:2,0,1,4
BRDA:2,0,2,4
BRDA:3,1,0,0
BRDA:3,1,1,4
BRDA:3,2,0,4
BRDA:3,2,1,0
BRDA:4,3,0,4
BRDA:4,3,1,0
BRDA:4,4,0,4
BRDA:4,4,1,4
BRDA:5,5,0,0
BRDA:5,5,1,0
BRDA:5,6,0,0
BRDA:5,6,1,0
BRDA:5,7,0,0
BRDA:5,7,1,0
BRDA:5,8,0,0
BRDA:5,8,1,0
BRDA:6,9,0,4
BRDA:6,9,1,4
BRDA:6,9,2,4
BRDA:8,10,0,4
BRDA:8,10,1,4
BRDA:8,10,2,4
BRDA:9,11,0,12
BRDA:9,11,1,0
BRDA:9,12,0,12
BRDA:9,12,1,12
BRDA:18,13,0,5
BRDA:18,13,1,14
BRDA:19,14,0,17
BRDA:19,14,1,2
BRDA:19,15,0,19
BRDA:19,15,1,19
BRDA:22,16,0,0
BRDA:22,16,1,19
BRDA:23,17,0,0
BRDA:23,17,1,0
BRDA:23,18,0,0
BRDA:23,18,1,0
BRDA:26,19,0,10
BRDA:26,19,1,9
BRDA:30,20,0,9
BRDA:30,20,1,10
BRF:45
BRH:28
end_of_record
TN:
SF:C:\Users\Orel Balilti\Documents\Projects\Sugoi\core\dist\services\container.service.js
FN:5,(anonymous_0)
FN:8,(anonymous_1)
FN:12,(anonymous_2)
FN:13,(anonymous_3)
FN:18,(anonymous_4)
FN:21,(anonymous_5)
FNF:6
FNH:6
FNDA:7,(anonymous_0)
FNDA:1,(anonymous_1)
FNDA:1,(anonymous_2)
FNDA:1,(anonymous_3)
FNDA:3,(anonymous_4)
FNDA:1,(anonymous_5)
DA:2,4
DA:3,4
DA:6,7
DA:9,1
DA:10,1
DA:13,1
DA:14,1
DA:16,1
DA:19,3
DA:22,1
DA:25,4
DA:26,4
LF:12
LH:12
BRF:0
BRH:0
end_of_record
TN:
SF:C:\Users\Orel Balilti\Documents\Projects\Sugoi\core\dist\utils\index.js
FNF:0
FNH:0
DA:2,4
DA:3,4
DA:4,4
DA:5,4
DA:6,4
LF:5
LH:5
BRF:0
BRH:0
end_of_record
TN:
SF:C:\Users\Orel Balilti\Documents\Projects\Sugoi\core\dist\utils\object.utils.js
FN:3,clone
FNF:1
FNH:1
FNDA:2,clone
DA:2,4
DA:5,2
DA:6,1
DA:9,1
DA:10,1
DA:11,1
DA:12,1
DA:13,1
DA:14,1
DA:15,1
DA:17,2
DA:18,2
DA:20,4
LF:13
LH:13
BRDA:3,0,0,1
BRDA:5,1,0,1
BRDA:5,1,1,1
BRF:3
BRH:3
end_of_record
