TN:
SF:C:\Users\Orel Balilti\Documents\Projects\Sugoi\core\dist\index.js
FN:2,__export
FNF:1
FNH:1
FNDA:4,__export
DA:3,42
DA:5,2
DA:6,2
DA:7,2
DA:8,2
DA:9,2
DA:10,2
DA:11,2
DA:12,2
DA:13,2
DA:14,2
DA:15,2
DA:16,2
DA:17,2
DA:18,2
LF:15
LH:15
BRDA:3,0,0,42
BRDA:3,0,1,0
BRF:2
BRH:1
end_of_record
TN:
SF:C:\Users\Orel Balilti\Documents\Projects\Sugoi\core\dist\__tests__\classes\dummy.class.js
FN:2,(anonymous_0)
FN:8,(anonymous_1)
FN:14,(anonymous_2)
FN:17,(anonymous_3)
FN:21,(anonymous_4)
FNF:5
FNH:5
FNDA:2,(anonymous_0)
FNDA:3,(anonymous_1)
FNDA:2,(anonymous_2)
FNDA:1,(anonymous_3)
FNDA:2,(anonymous_4)
DA:2,1
DA:3,2
DA:4,2
DA:5,0
DA:6,2
DA:8,1
DA:9,3
DA:11,1
DA:12,1
DA:13,1
DA:15,2
DA:18,1
DA:19,1
DA:22,2
DA:23,2
DA:26,1
DA:35,1
DA:41,1
LF:18
LH:17
BRDA:2,0,0,1
BRDA:2,0,1,1
BRDA:2,0,2,1
BRDA:3,1,0,1
BRDA:3,1,1,1
BRDA:3,2,0,1
BRDA:3,2,1,0
BRDA:4,3,0,2
BRDA:4,3,1,0
BRDA:4,4,0,2
BRDA:4,4,1,2
BRDA:5,5,0,0
BRDA:5,5,1,0
BRDA:5,6,0,0
BRDA:5,6,1,0
BRDA:5,7,0,0
BRDA:5,7,1,0
BRDA:5,8,0,0
BRDA:5,8,1,0
BRDA:6,9,0,2
BRDA:6,9,1,1
BRDA:6,9,2,1
BRDA:8,10,0,1
BRDA:8,10,1,1
BRDA:8,10,2,1
BRDA:9,11,0,3
BRDA:9,11,1,0
BRDA:9,12,0,3
BRDA:9,12,1,3
BRF:29
BRH:18
end_of_record
TN:
SF:C:\Users\Orel Balilti\Documents\Projects\Sugoi\core\dist\__tests__\classes\nested-policy-check.class.js
FN:2,(anonymous_0)
FN:8,(anonymous_1)
FN:18,(anonymous_2)
FNF:3
FNH:3
FNDA:2,(anonymous_0)
FNDA:3,(anonymous_1)
FNDA:2,(anonymous_2)
DA:2,1
DA:3,2
DA:4,2
DA:5,0
DA:6,2
DA:8,1
DA:9,3
DA:11,1
DA:12,1
DA:14,1
DA:17,1
DA:19,2
DA:22,1
DA:28,1
DA:31,1
LF:15
LH:14
BRDA:2,0,0,1
BRDA:2,0,1,1
BRDA:2,0,2,1
BRDA:3,1,0,1
BRDA:3,1,1,1
BRDA:3,2,0,1
BRDA:3,2,1,0
BRDA:4,3,0,2
BRDA:4,3,1,0
BRDA:4,4,0,2
BRDA:4,4,1,2
BRDA:5,5,0,0
BRDA:5,5,1,0
BRDA:5,6,0,0
BRDA:5,6,1,0
BRDA:5,7,0,0
BRDA:5,7,1,0
BRDA:5,8,0,0
BRDA:5,8,1,0
BRDA:6,9,0,2
BRDA:6,9,1,1
BRDA:6,9,2,1
BRDA:8,10,0,1
BRDA:8,10,1,1
BRDA:8,10,2,1
BRDA:9,11,0,3
BRDA:9,11,1,0
BRDA:9,12,0,3
BRDA:9,12,1,3
BRF:29
BRH:18
end_of_record
TN:
SF:C:\Users\Orel Balilti\Documents\Projects\Sugoi\core\dist\__tests__\classes\policy-check.class.js
FN:2,(anonymous_0)
FN:8,(anonymous_1)
FN:23,(anonymous_2)
FN:26,(anonymous_3)
FNF:4
FNH:4
FNDA:4,(anonymous_0)
FNDA:6,(anonymous_1)
FNDA:2,(anonymous_2)
FNDA:2,(anonymous_3)
DA:2,2
DA:3,4
DA:4,4
DA:5,0
DA:6,4
DA:8,2
DA:9,6
DA:11,2
DA:12,2
DA:14,2
DA:22,2
DA:24,2
DA:27,2
DA:30,2
DA:36,2
DA:39,2
LF:16
LH:15
BRDA:2,0,0,2
BRDA:2,0,1,2
BRDA:2,0,2,2
BRDA:3,1,0,2
BRDA:3,1,1,2
BRDA:3,2,0,2
BRDA:3,2,1,0
BRDA:4,3,0,4
BRDA:4,3,1,0
BRDA:4,4,0,4
BRDA:4,4,1,4
BRDA:5,5,0,0
BRDA:5,5,1,0
BRDA:5,6,0,0
BRDA:5,6,1,0
BRDA:5,7,0,0
BRDA:5,7,1,0
BRDA:5,8,0,0
BRDA:5,8,1,0
BRDA:6,9,0,4
BRDA:6,9,1,2
BRDA:6,9,2,2
BRDA:8,10,0,2
BRDA:8,10,1,2
BRDA:8,10,2,2
BRDA:9,11,0,6
BRDA:9,11,1,0
BRDA:9,12,0,6
BRDA:9,12,1,6
BRF:29
BRH:18
end_of_record
TN:
SF:C:\Users\Orel Balilti\Documents\Projects\Sugoi\core\dist\constants\exceptions.constant.js
FNF:0
FNH:0
DA:2,2
DA:3,2
LF:2
LH:2
BRF:0
BRH:0
end_of_record
TN:
SF:C:\Users\Orel Balilti\Documents\Projects\Sugoi\core\dist\exceptions\generic.exception.js
FN:5,(anonymous_0)
FNF:1
FNH:1
FNDA:1,(anonymous_0)
DA:2,3
DA:3,3
DA:6,1
DA:9,3
LF:4
LH:4
BRDA:5,0,0,0
BRF:1
BRH:0
end_of_record
TN:
SF:C:\Users\Orel Balilti\Documents\Projects\Sugoi\core\dist\exceptions\sugoi-abstract.exception.js
FN:4,(anonymous_0)
FN:15,(anonymous_1)
FN:18,(anonymous_2)
FN:21,(anonymous_3)
FN:24,(anonymous_4)
FN:27,(anonymous_5)
FN:30,(anonymous_6)
FNF:7
FNH:6
FNDA:9,(anonymous_0)
FNDA:1,(anonymous_1)
FNDA:1,(anonymous_2)
FNDA:1,(anonymous_3)
FNDA:1,(anonymous_4)
FNDA:0,(anonymous_5)
FNDA:9,(anonymous_6)
DA:2,3
DA:5,9
DA:6,9
DA:7,9
DA:8,9
DA:9,9
DA:11,9
DA:12,9
DA:13,9
DA:16,1
DA:19,1
DA:22,1
DA:25,1
DA:28,0
DA:31,9
DA:32,9
DA:35,3
LF:17
LH:16
BRDA:4,0,0,0
BRDA:8,1,0,9
BRDA:8,1,1,0
BRDA:31,2,0,9
BRDA:31,2,1,0
BRF:5
BRH:2
end_of_record
TN:
SF:C:\Users\Orel Balilti\Documents\Projects\Sugoi\core\dist\inversify\index.js
FNF:0
FNH:0
DA:2,2
DA:3,2
DA:4,2
DA:5,2
DA:6,2
DA:7,2
DA:8,2
DA:9,2
DA:10,2
DA:11,2
DA:12,2
DA:13,2
DA:14,2
DA:15,2
DA:16,2
DA:17,2
DA:18,2
DA:19,2
DA:20,2
LF:19
LH:19
BRF:0
BRH:0
end_of_record
TN:
SF:C:\Users\Orel Balilti\Documents\Projects\Sugoi\core\dist\policies\index.js
FNF:0
FNH:0
DA:2,2
DA:3,2
DA:4,2
DA:5,2
DA:6,2
DA:7,2
DA:8,2
DA:9,2
DA:10,2
DA:11,2
DA:12,2
DA:13,2
DA:14,2
DA:15,2
LF:14
LH:14
BRF:0
BRH:0
end_of_record
TN:
SF:C:\Users\Orel Balilti\Documents\Projects\Sugoi\core\dist\policies\classes\comparable-schema.class.js
FN:4,(anonymous_0)
FN:9,(anonymous_1)
FN:12,(anonymous_2)
FN:16,(anonymous_3)
FN:21,(anonymous_4)
FN:25,(anonymous_5)
FN:29,(anonymous_6)
FN:33,(anonymous_7)
FN:37,(anonymous_8)
FNF:9
FNH:9
FNDA:10,(anonymous_0)
FNDA:10,(anonymous_1)
FNDA:4,(anonymous_2)
FNDA:1,(anonymous_3)
FNDA:1,(anonymous_4)
FNDA:2,(anonymous_5)
FNDA:1,(anonymous_6)
FNDA:2,(anonymous_7)
FNDA:2,(anonymous_8)
DA:2,2
DA:5,10
DA:6,10
DA:7,10
DA:10,10
DA:13,4
DA:14,4
DA:17,1
DA:18,1
DA:19,1
DA:22,1
DA:23,1
DA:26,2
DA:27,2
DA:30,1
DA:31,1
DA:34,2
DA:35,2
DA:38,2
DA:39,2
DA:42,2
LF:21
LH:21
BRDA:18,0,0,1
BRDA:18,0,1,1
BRF:2
BRH:2
end_of_record
TN:
SF:C:\Users\Orel Balilti\Documents\Projects\Sugoi\core\dist\policies\classes\policy-item.class.js
FN:2,(anonymous_0)
FN:3,(anonymous_1)
FN:4,fulfilled
FN:5,rejected
FN:6,step
FN:6,(anonymous_5)
FN:15,(anonymous_6)
FN:19,(anonymous_7)
FN:22,(anonymous_8)
FN:25,(anonymous_9)
FN:28,(anonymous_10)
FN:31,(anonymous_11)
FN:32,(anonymous_12)
FN:33,(anonymous_13)
FN:46,(anonymous_14)
FN:54,(anonymous_15)
FN:57,(anonymous_16)
FN:63,(anonymous_17)
FN:64,(anonymous_18)
FNF:19
FNH:17
FNDA:15,(anonymous_0)
FNDA:15,(anonymous_1)
FNDA:7,fulfilled
FNDA:8,rejected
FNDA:22,step
FNDA:15,(anonymous_5)
FNDA:2,(anonymous_6)
FNDA:2,(anonymous_7)
FNDA:17,(anonymous_8)
FNDA:0,(anonymous_9)
FNDA:0,(anonymous_10)
FNDA:5,(anonymous_11)
FNDA:15,(anonymous_12)
FNDA:15,(anonymous_13)
FNDA:17,(anonymous_14)
FNDA:7,(anonymous_15)
FNDA:8,(anonymous_16)
FNDA:2,(anonymous_17)
FNDA:17,(anonymous_18)
DA:2,2
DA:3,15
DA:4,7
DA:5,8
DA:6,22
DA:7,15
DA:10,2
DA:11,2
DA:12,2
DA:13,2
DA:16,2
DA:17,2
DA:20,2
DA:23,17
DA:26,0
DA:29,0
DA:32,5
DA:33,15
DA:34,15
DA:35,15
DA:36,15
DA:37,15
DA:38,17
DA:39,17
DA:40,17
DA:41,0
DA:42,0
DA:44,17
DA:45,17
DA:47,17
DA:48,8
DA:51,17
DA:53,15
DA:55,7
DA:58,8
DA:64,2
DA:65,17
DA:66,17
DA:67,0
DA:69,17
DA:73,2
DA:74,2
LF:42
LH:37
BRDA:2,0,0,2
BRDA:2,0,1,2
BRDA:2,0,2,2
BRDA:3,1,0,15
BRDA:3,1,1,15
BRDA:6,2,0,7
BRDA:6,2,1,15
BRDA:7,3,0,15
BRDA:7,3,1,15
BRDA:15,4,0,0
BRDA:35,5,0,15
BRDA:35,5,1,0
BRDA:40,6,0,0
BRDA:40,6,1,17
BRDA:47,7,0,8
BRDA:47,7,1,9
BRDA:48,8,0,8
BRDA:48,8,1,6
BRDA:66,9,0,0
BRDA:66,9,1,17
BRF:20
BRH:16
end_of_record
TN:
SF:C:\Users\Orel Balilti\Documents\Projects\Sugoi\core\dist\policies\classes\policy-schema-validator.class.js
FN:6,(anonymous_0)
FN:10,(anonymous_1)
FN:19,(anonymous_2)
FN:37,(anonymous_3)
FN:45,(anonymous_4)
FN:56,(anonymous_5)
FN:73,(anonymous_6)
FN:90,(anonymous_7)
FN:98,(anonymous_8)
FNF:9
FNH:9
FNDA:17,(anonymous_0)
FNDA:17,(anonymous_1)
FNDA:40,(anonymous_2)
FNDA:21,(anonymous_3)
FNDA:2,(anonymous_4)
FNDA:23,(anonymous_5)
FNDA:13,(anonymous_6)
FNDA:7,(anonymous_7)
FNDA:3,(anonymous_8)
DA:2,2
DA:3,2
DA:4,2
DA:7,17
DA:8,17
DA:11,17
DA:16,17
DA:17,17
DA:24,40
DA:25,40
DA:26,40
DA:27,3
DA:29,37
DA:30,25
DA:31,23
DA:33,2
DA:34,25
DA:37,12
DA:38,21
DA:39,21
DA:40,21
DA:41,2
DA:42,1
DA:45,2
DA:49,19
DA:51,21
DA:54,15
DA:57,23
DA:58,0
DA:59,23
DA:60,23
DA:62,13
DA:63,13
DA:65,7
DA:66,7
DA:68,3
DA:69,3
DA:71,23
DA:74,13
DA:75,13
DA:76,13
DA:77,8
DA:79,13
DA:80,2
DA:82,13
DA:83,7
DA:85,13
DA:86,2
DA:88,13
DA:91,7
DA:92,7
DA:93,1
DA:94,6
DA:95,6
DA:96,6
DA:100,3
DA:101,3
DA:104,0
DA:106,3
DA:109,2
LF:60
LH:58
BRDA:19,0,0,0
BRDA:26,1,0,3
BRDA:26,1,1,37
BRDA:27,2,0,3
BRDA:27,2,1,3
BRDA:29,3,0,25
BRDA:29,3,1,12
BRDA:30,4,0,23
BRDA:30,4,1,2
BRDA:40,5,0,2
BRDA:40,5,1,19
BRDA:41,6,0,1
BRDA:41,6,1,1
BRDA:57,7,0,0
BRDA:57,7,1,23
BRDA:60,8,0,13
BRDA:60,8,1,7
BRDA:60,8,2,3
BRDA:74,9,0,13
BRDA:74,9,1,11
BRDA:76,10,0,8
BRDA:76,10,1,5
BRDA:76,11,0,13
BRDA:76,11,1,11
BRDA:77,12,0,8
BRDA:77,12,1,8
BRDA:79,13,0,2
BRDA:79,13,1,11
BRDA:79,14,0,13
BRDA:79,14,1,10
BRDA:80,15,0,2
BRDA:80,15,1,2
BRDA:82,16,0,7
BRDA:82,16,1,6
BRDA:82,17,0,13
BRDA:82,17,1,10
BRDA:83,18,0,7
BRDA:83,18,1,7
BRDA:85,19,0,2
BRDA:85,19,1,11
BRDA:85,20,0,13
BRDA:85,20,1,9
BRDA:86,21,0,2
BRDA:86,21,1,2
BRDA:92,22,0,1
BRDA:92,22,1,6
BRDA:94,23,0,6
BRDA:94,23,1,6
BRDA:95,24,0,6
BRDA:95,24,1,6
BRF:50
BRH:48
end_of_record
TN:
SF:C:\Users\Orel Balilti\Documents\Projects\Sugoi\core\dist\policies\constants\schema-types.enum.js
FN:4,(anonymous_0)
FNF:1
FNH:1
FNDA:2,(anonymous_0)
DA:2,2
DA:4,2
DA:5,2
DA:6,2
DA:7,2
LF:5
LH:5
BRDA:8,0,0,2
BRDA:8,0,1,2
BRF:2
BRH:2
end_of_record
TN:
SF:C:\Users\Orel Balilti\Documents\Projects\Sugoi\core\dist\policies\decorators\policy.decorator.js
FN:16,(anonymous_0)
FN:17,(anonymous_1)
FN:36,(anonymous_2)
FN:47,(anonymous_3)
FN:57,applyPolicyForClassLevel
FN:60,(anonymous_5)
FN:73,applyPolicy
FN:95,(anonymous_7)
FNF:8
FNH:8
FNDA:2,(anonymous_0)
FNDA:2,(anonymous_1)
FNDA:5,(anonymous_2)
FNDA:5,(anonymous_3)
FNDA:2,applyPolicyForClassLevel
FNDA:6,(anonymous_5)
FNDA:6,applyPolicy
FNDA:5,(anonymous_7)
DA:2,2
DA:3,2
DA:4,2
DA:5,2
DA:6,2
DA:7,2
DA:8,2
DA:9,2
DA:16,2
DA:17,2
DA:18,2
DA:19,0
DA:21,2
DA:22,2
DA:25,2
DA:36,2
DA:38,5
DA:39,5
DA:40,0
DA:41,0
DA:42,0
DA:45,5
DA:47,5
DA:48,5
DA:49,4
DA:52,1
DA:56,2
DA:58,2
DA:59,2
DA:60,2
DA:61,6
DA:62,2
DA:63,4
DA:64,4
DA:65,2
DA:66,2
DA:69,2
DA:70,1
DA:74,6
DA:75,6
DA:76,6
DA:77,6
DA:78,6
DA:79,6
DA:80,6
DA:81,6
DA:82,6
DA:83,5
DA:84,5
DA:95,2
DA:96,5
DA:98,2
LF:52
LH:48
BRDA:18,0,0,0
BRDA:18,0,1,2
BRDA:21,1,0,2
BRDA:21,1,1,2
BRDA:36,2,0,0
BRDA:39,3,0,0
BRDA:39,3,1,5
BRDA:40,4,0,0
BRDA:40,4,1,0
BRDA:41,5,0,0
BRDA:41,5,1,0
BRDA:48,6,0,4
BRDA:48,6,1,1
BRDA:48,7,0,5
BRDA:48,7,1,4
BRDA:61,8,0,2
BRDA:61,8,1,4
BRDA:61,9,0,6
BRDA:61,9,1,5
BRDA:64,10,0,2
BRDA:64,10,1,2
BRDA:64,11,0,4
BRDA:64,11,1,4
BRDA:69,12,0,1
BRDA:69,12,1,1
BRDA:74,13,0,6
BRDA:74,13,1,0
BRDA:76,14,0,6
BRDA:76,14,1,5
BRDA:82,15,0,5
BRDA:82,15,1,1
BRDA:95,16,0,0
BRF:32
BRH:23
end_of_record
TN:
SF:C:\Users\Orel Balilti\Documents\Projects\Sugoi\core\dist\policies\exceptions\policy-error.exception.js
FNF:0
FNH:0
DA:2,2
DA:3,2
DA:6,2
LF:3
LH:3
BRF:0
BRH:0
end_of_record
TN:
SF:C:\Users\Orel Balilti\Documents\Projects\Sugoi\core\dist\policies\utils\string.util.js
FN:4,(anonymous_0)
FN:5,uidGenerator
FNF:2
FNH:2
FNDA:5,(anonymous_0)
FNDA:40,uidGenerator
DA:2,2
DA:6,40
DA:10,5
DA:14,2
LF:4
LH:4
BRF:0
BRH:0
end_of_record
TN:
SF:C:\Users\Orel Balilti\Documents\Projects\Sugoi\core\dist\policies\utils\validate-schema.util.js
FN:2,(anonymous_0)
FN:8,(anonymous_1)
FN:15,(anonymous_2)
FN:32,(anonymous_3)
FNF:4
FNH:4
FNDA:2,(anonymous_0)
FNDA:6,(anonymous_1)
FNDA:17,(anonymous_2)
FNDA:17,(anonymous_3)
DA:2,2
DA:3,2
DA:4,2
DA:5,0
DA:6,2
DA:8,2
DA:9,6
DA:11,2
DA:12,2
DA:13,2
DA:17,17
DA:18,17
DA:19,17
DA:22,17
DA:23,0
DA:25,17
DA:26,17
DA:27,8
DA:30,17
DA:33,17
DA:34,17
DA:37,2
DA:43,2
DA:44,2
DA:45,2
LF:25
LH:23
BRDA:2,0,0,2
BRDA:2,0,1,2
BRDA:2,0,2,2
BRDA:3,1,0,0
BRDA:3,1,1,2
BRDA:3,2,0,2
BRDA:3,2,1,0
BRDA:4,3,0,2
BRDA:4,3,1,0
BRDA:4,4,0,2
BRDA:4,4,1,2
BRDA:5,5,0,0
BRDA:5,5,1,0
BRDA:5,6,0,0
BRDA:5,6,1,0
BRDA:5,7,0,0
BRDA:5,7,1,0
BRDA:5,8,0,0
BRDA:5,8,1,0
BRDA:6,9,0,2
BRDA:6,9,1,2
BRDA:6,9,2,2
BRDA:8,10,0,2
BRDA:8,10,1,2
BRDA:8,10,2,2
BRDA:9,11,0,6
BRDA:9,11,1,0
BRDA:9,12,0,6
BRDA:9,12,1,6
BRDA:18,13,0,5
BRDA:18,13,1,12
BRDA:19,14,0,15
BRDA:19,14,1,2
BRDA:19,15,0,17
BRDA:19,15,1,17
BRDA:22,16,0,0
BRDA:22,16,1,17
BRDA:23,17,0,0
BRDA:23,17,1,0
BRDA:23,18,0,0
BRDA:23,18,1,0
BRDA:26,19,0,8
BRDA:26,19,1,9
BRDA:30,20,0,9
BRDA:30,20,1,8
BRF:45
BRH:28
end_of_record
TN:
SF:C:\Users\Orel Balilti\Documents\Projects\Sugoi\core\dist\services\container.service.js
FN:5,(anonymous_0)
FN:8,(anonymous_1)
FN:12,(anonymous_2)
FN:13,(anonymous_3)
FN:18,(anonymous_4)
FN:21,(anonymous_5)
FNF:6
FNH:6
FNDA:7,(anonymous_0)
FNDA:1,(anonymous_1)
FNDA:1,(anonymous_2)
FNDA:1,(anonymous_3)
FNDA:3,(anonymous_4)
FNDA:1,(anonymous_5)
DA:2,2
DA:3,2
DA:6,7
DA:9,1
DA:10,1
DA:13,1
DA:14,1
DA:16,1
DA:19,3
DA:22,1
DA:25,2
DA:26,2
LF:12
LH:12
BRF:0
BRH:0
end_of_record
